<?xml version="1.0" encoding="UTF-8"?>
<!-- Generated by org.testng.reporters.JUnitReportReporter -->
<testsuite hostname="SIPL92" failures="0" tests="2" name="NetAgentSmoke.NetAgentProcess" time="31.938" errors="0" timestamp="2022-02-16T12:42:24 IST" skipped="0">
  <testcase classname="NetAgentSmoke.NetAgentProcess" name="Login" time="26.574"/>
  <system-out/>
  <testcase classname="NetAgentSmoke.NetAgentProcess" name="FSLStorage" time="5.364"/>
  <system-out/>
</testsuite> <!-- NetAgentSmoke.NetAgentProcess -->
