<?xml version="1.0" encoding="UTF-8"?>
<!-- Generated by org.testng.reporters.JUnitReportReporter -->
<testsuite hostname="SIPL92" failures="0" tests="2" name="NetAgentSmoke.NetAgentProcess" time="67.195" errors="0" timestamp="2022-02-16T10:28:54 IST" skipped="0">
  <testcase classname="NetAgentSmoke.NetAgentProcess" name="Courier" time="7.576"/>
  <system-out/>
  <testcase classname="NetAgentSmoke.NetAgentProcess" name="Login" time="59.619"/>
  <system-out/>
</testsuite> <!-- NetAgentSmoke.NetAgentProcess -->
