<?xml version="1.0" encoding="UTF-8"?>
<!-- Generated by org.testng.reporters.JUnitReportReporter -->
<testsuite hostname="SIPL92" failures="0" tests="2" name="NetAgentSmoke.NetAgentProcess" time="166.085" errors="0" timestamp="2022-02-16T11:37:36 IST" skipped="0">
  <testcase classname="NetAgentSmoke.NetAgentProcess" name="parts" time="127.719"/>
  <system-out/>
  <testcase classname="NetAgentSmoke.NetAgentProcess" name="Login" time="38.366"/>
  <system-out/>
</testsuite> <!-- NetAgentSmoke.NetAgentProcess -->
