<?xml version="1.0" encoding="UTF-8"?>
<!-- Generated by org.testng.reporters.JUnitReportReporter -->
<testsuite hostname="SIPL92" failures="0" tests="2" name="NetAgentSmoke.NetAgentProcess" time="59.218" errors="0" timestamp="2022-02-15T12:28:12 IST" skipped="0">
  <testcase classname="NetAgentSmoke.NetAgentProcess" name="Login" time="29.679"/>
  <system-out/>
  <testcase classname="NetAgentSmoke.NetAgentProcess" name="OrderSearch" time="29.539"/>
  <system-out/>
</testsuite> <!-- NetAgentSmoke.NetAgentProcess -->
