<?xml version="1.0" encoding="UTF-8"?>
<!-- Generated by org.testng.reporters.JUnitReportReporter -->
<testsuite hostname="SIPL92" failures="0" tests="2" name="NetAgentSmoke.NetAgentProcess" time="37.137" errors="0" timestamp="2022-02-16T09:38:46 IST" skipped="0">
  <testcase classname="NetAgentSmoke.NetAgentProcess" name="Userlist" time="19.362"/>
  <system-out/>
  <testcase classname="NetAgentSmoke.NetAgentProcess" name="Login" time="17.775"/>
  <system-out/>
</testsuite> <!-- NetAgentSmoke.NetAgentProcess -->
