<?xml version="1.0" encoding="UTF-8"?>
<!-- Generated by org.testng.reporters.JUnitReportReporter -->
<testsuite hostname="SIPL92" failures="0" tests="2" name="NetAgentSmoke.NetAgentProcess" time="44.638" errors="0" timestamp="2022-02-15T17:23:44 IST" skipped="0">
  <testcase classname="NetAgentSmoke.NetAgentProcess" name="Userprofile" time="5.248"/>
  <system-out/>
  <testcase classname="NetAgentSmoke.NetAgentProcess" name="Login" time="39.390"/>
  <system-out/>
</testsuite> <!-- NetAgentSmoke.NetAgentProcess -->
