<?xml version="1.0" encoding="UTF-8"?>
<!-- Generated by org.testng.reporters.JUnitReportReporter -->
<testsuite hostname="SIPL92" failures="26" tests="26" name="NetAgentSmoke.NetAgentProcess" time="0.001" errors="0" timestamp="17 Mar 2022 10:42:55 GMT">
  <testcase classname="NetAgentSmoke.NetAgentProcess" name="PullReport" time="0.000">
    <failure message="freemarker/template/TemplateModelException" type="java.lang.NoClassDefFoundError">
      <![CDATA[java.lang.NoClassDefFoundError: freemarker/template/TemplateModelException
	at com.relevantcodes.extentreports.ExtentReports.<init>(ExtentReports.java:86)
	at com.relevantcodes.extentreports.ExtentReports.<init>(ExtentReports.java:375)
	at NetAgentSmoke.BaseInit.startTest(BaseInit.java:131)
	at NetAgentSmoke.BaseInit.beforeMethod(BaseInit.java:75)
	at java.base/jdk.internal.reflect.NativeMethodAccessorImpl.invoke0(Native Method)
	at java.base/jdk.internal.reflect.NativeMethodAccessorImpl.invoke(NativeMethodAccessorImpl.java:62)
	at java.base/jdk.internal.reflect.DelegatingMethodAccessorImpl.invoke(DelegatingMethodAccessorImpl.java:43)
	at java.base/java.lang.reflect.Method.invoke(Method.java:566)
	at org.testng.internal.MethodInvocationHelper.invokeMethod(MethodInvocationHelper.java:84)
	at org.testng.internal.Invoker.invokeConfigurationMethod(Invoker.java:564)
	at org.testng.internal.Invoker.invokeConfigurations(Invoker.java:213)
	at org.testng.internal.Invoker.invokeConfigurations(Invoker.java:138)
	at org.testng.SuiteRunner.privateRun(SuiteRunner.java:277)
	at org.testng.SuiteRunner.run(SuiteRunner.java:240)
	at org.testng.SuiteRunnerWorker.runSuite(SuiteRunnerWorker.java:52)
	at org.testng.SuiteRunnerWorker.run(SuiteRunnerWorker.java:86)
	at org.testng.TestNG.runSuitesSequentially(TestNG.java:1224)
	at org.testng.TestNG.runSuitesLocally(TestNG.java:1149)
	at org.testng.TestNG.run(TestNG.java:1057)
	at org.testng.TestNG.privateMain(TestNG.java:1364)
	at org.testng.TestNG.main(TestNG.java:1333)
Caused by: java.lang.ClassNotFoundException: freemarker.template.TemplateModelException
	at java.base/jdk.internal.loader.BuiltinClassLoader.loadClass(BuiltinClassLoader.java:581)
	at java.base/jdk.internal.loader.ClassLoaders$AppClassLoader.loadClass(ClassLoaders.java:178)
	at java.base/java.lang.ClassLoader.loadClass(ClassLoader.java:521)
	... 21 more
]]>
    </failure>
  </testcase> <!-- PullReport -->
  <testcase classname="NetAgentSmoke.NetAgentProcess" name="AgentActivityChartReport" time="0.000">
    <failure message="freemarker/template/TemplateModelException" type="java.lang.NoClassDefFoundError">
      <![CDATA[java.lang.NoClassDefFoundError: freemarker/template/TemplateModelException
	at com.relevantcodes.extentreports.ExtentReports.<init>(ExtentReports.java:86)
	at com.relevantcodes.extentreports.ExtentReports.<init>(ExtentReports.java:375)
	at NetAgentSmoke.BaseInit.startTest(BaseInit.java:131)
	at NetAgentSmoke.BaseInit.beforeMethod(BaseInit.java:75)
	at java.base/jdk.internal.reflect.NativeMethodAccessorImpl.invoke0(Native Method)
	at java.base/jdk.internal.reflect.NativeMethodAccessorImpl.invoke(NativeMethodAccessorImpl.java:62)
	at java.base/jdk.internal.reflect.DelegatingMethodAccessorImpl.invoke(DelegatingMethodAccessorImpl.java:43)
	at java.base/java.lang.reflect.Method.invoke(Method.java:566)
	at org.testng.internal.MethodInvocationHelper.invokeMethod(MethodInvocationHelper.java:84)
	at org.testng.internal.Invoker.invokeConfigurationMethod(Invoker.java:564)
	at org.testng.internal.Invoker.invokeConfigurations(Invoker.java:213)
	at org.testng.internal.Invoker.invokeConfigurations(Invoker.java:138)
	at org.testng.SuiteRunner.privateRun(SuiteRunner.java:277)
	at org.testng.SuiteRunner.run(SuiteRunner.java:240)
	at org.testng.SuiteRunnerWorker.runSuite(SuiteRunnerWorker.java:52)
	at org.testng.SuiteRunnerWorker.run(SuiteRunnerWorker.java:86)
	at org.testng.TestNG.runSuitesSequentially(TestNG.java:1224)
	at org.testng.TestNG.runSuitesLocally(TestNG.java:1149)
	at org.testng.TestNG.run(TestNG.java:1057)
	at org.testng.TestNG.privateMain(TestNG.java:1364)
	at org.testng.TestNG.main(TestNG.java:1333)
Caused by: java.lang.ClassNotFoundException: freemarker.template.TemplateModelException
	at java.base/jdk.internal.loader.BuiltinClassLoader.loadClass(BuiltinClassLoader.java:581)
	at java.base/jdk.internal.loader.ClassLoaders$AppClassLoader.loadClass(ClassLoaders.java:178)
	at java.base/java.lang.ClassLoader.loadClass(ClassLoader.java:521)
	... 21 more
]]>
    </failure>
  </testcase> <!-- AgentActivityChartReport -->
  <testcase classname="NetAgentSmoke.NetAgentProcess" name="quarantineReport" time="0.000">
    <failure message="freemarker/template/TemplateModelException" type="java.lang.NoClassDefFoundError">
      <![CDATA[java.lang.NoClassDefFoundError: freemarker/template/TemplateModelException
	at com.relevantcodes.extentreports.ExtentReports.<init>(ExtentReports.java:86)
	at com.relevantcodes.extentreports.ExtentReports.<init>(ExtentReports.java:375)
	at NetAgentSmoke.BaseInit.startTest(BaseInit.java:131)
	at NetAgentSmoke.BaseInit.beforeMethod(BaseInit.java:75)
	at java.base/jdk.internal.reflect.NativeMethodAccessorImpl.invoke0(Native Method)
	at java.base/jdk.internal.reflect.NativeMethodAccessorImpl.invoke(NativeMethodAccessorImpl.java:62)
	at java.base/jdk.internal.reflect.DelegatingMethodAccessorImpl.invoke(DelegatingMethodAccessorImpl.java:43)
	at java.base/java.lang.reflect.Method.invoke(Method.java:566)
	at org.testng.internal.MethodInvocationHelper.invokeMethod(MethodInvocationHelper.java:84)
	at org.testng.internal.Invoker.invokeConfigurationMethod(Invoker.java:564)
	at org.testng.internal.Invoker.invokeConfigurations(Invoker.java:213)
	at org.testng.internal.Invoker.invokeConfigurations(Invoker.java:138)
	at org.testng.SuiteRunner.privateRun(SuiteRunner.java:277)
	at org.testng.SuiteRunner.run(SuiteRunner.java:240)
	at org.testng.SuiteRunnerWorker.runSuite(SuiteRunnerWorker.java:52)
	at org.testng.SuiteRunnerWorker.run(SuiteRunnerWorker.java:86)
	at org.testng.TestNG.runSuitesSequentially(TestNG.java:1224)
	at org.testng.TestNG.runSuitesLocally(TestNG.java:1149)
	at org.testng.TestNG.run(TestNG.java:1057)
	at org.testng.TestNG.privateMain(TestNG.java:1364)
	at org.testng.TestNG.main(TestNG.java:1333)
Caused by: java.lang.ClassNotFoundException: freemarker.template.TemplateModelException
	at java.base/jdk.internal.loader.BuiltinClassLoader.loadClass(BuiltinClassLoader.java:581)
	at java.base/jdk.internal.loader.ClassLoaders$AppClassLoader.loadClass(ClassLoaders.java:178)
	at java.base/java.lang.ClassLoader.loadClass(ClassLoader.java:521)
	... 21 more
]]>
    </failure>
  </testcase> <!-- quarantineReport -->
  <testcase classname="NetAgentSmoke.NetAgentProcess" name="OrderSearch" time="0.000">
    <failure message="freemarker/template/TemplateModelException" type="java.lang.NoClassDefFoundError">
      <![CDATA[java.lang.NoClassDefFoundError: freemarker/template/TemplateModelException
	at com.relevantcodes.extentreports.ExtentReports.<init>(ExtentReports.java:86)
	at com.relevantcodes.extentreports.ExtentReports.<init>(ExtentReports.java:375)
	at NetAgentSmoke.BaseInit.startTest(BaseInit.java:131)
	at NetAgentSmoke.BaseInit.beforeMethod(BaseInit.java:75)
	at java.base/jdk.internal.reflect.NativeMethodAccessorImpl.invoke0(Native Method)
	at java.base/jdk.internal.reflect.NativeMethodAccessorImpl.invoke(NativeMethodAccessorImpl.java:62)
	at java.base/jdk.internal.reflect.DelegatingMethodAccessorImpl.invoke(DelegatingMethodAccessorImpl.java:43)
	at java.base/java.lang.reflect.Method.invoke(Method.java:566)
	at org.testng.internal.MethodInvocationHelper.invokeMethod(MethodInvocationHelper.java:84)
	at org.testng.internal.Invoker.invokeConfigurationMethod(Invoker.java:564)
	at org.testng.internal.Invoker.invokeConfigurations(Invoker.java:213)
	at org.testng.internal.Invoker.invokeConfigurations(Invoker.java:138)
	at org.testng.SuiteRunner.privateRun(SuiteRunner.java:277)
	at org.testng.SuiteRunner.run(SuiteRunner.java:240)
	at org.testng.SuiteRunnerWorker.runSuite(SuiteRunnerWorker.java:52)
	at org.testng.SuiteRunnerWorker.run(SuiteRunnerWorker.java:86)
	at org.testng.TestNG.runSuitesSequentially(TestNG.java:1224)
	at org.testng.TestNG.runSuitesLocally(TestNG.java:1149)
	at org.testng.TestNG.run(TestNG.java:1057)
	at org.testng.TestNG.privateMain(TestNG.java:1364)
	at org.testng.TestNG.main(TestNG.java:1333)
Caused by: java.lang.ClassNotFoundException: freemarker.template.TemplateModelException
	at java.base/jdk.internal.loader.BuiltinClassLoader.loadClass(BuiltinClassLoader.java:581)
	at java.base/jdk.internal.loader.ClassLoaders$AppClassLoader.loadClass(ClassLoaders.java:178)
	at java.base/java.lang.ClassLoader.loadClass(ClassLoader.java:521)
	... 21 more
]]>
    </failure>
  </testcase> <!-- OrderSearch -->
  <testcase classname="NetAgentSmoke.NetAgentProcess" name="CycleCount" time="0.000">
    <failure message="freemarker/template/TemplateModelException" type="java.lang.NoClassDefFoundError">
      <![CDATA[java.lang.NoClassDefFoundError: freemarker/template/TemplateModelException
	at com.relevantcodes.extentreports.ExtentReports.<init>(ExtentReports.java:86)
	at com.relevantcodes.extentreports.ExtentReports.<init>(ExtentReports.java:375)
	at NetAgentSmoke.BaseInit.startTest(BaseInit.java:131)
	at NetAgentSmoke.BaseInit.beforeMethod(BaseInit.java:75)
	at java.base/jdk.internal.reflect.NativeMethodAccessorImpl.invoke0(Native Method)
	at java.base/jdk.internal.reflect.NativeMethodAccessorImpl.invoke(NativeMethodAccessorImpl.java:62)
	at java.base/jdk.internal.reflect.DelegatingMethodAccessorImpl.invoke(DelegatingMethodAccessorImpl.java:43)
	at java.base/java.lang.reflect.Method.invoke(Method.java:566)
	at org.testng.internal.MethodInvocationHelper.invokeMethod(MethodInvocationHelper.java:84)
	at org.testng.internal.Invoker.invokeConfigurationMethod(Invoker.java:564)
	at org.testng.internal.Invoker.invokeConfigurations(Invoker.java:213)
	at org.testng.internal.Invoker.invokeConfigurations(Invoker.java:138)
	at org.testng.SuiteRunner.privateRun(SuiteRunner.java:277)
	at org.testng.SuiteRunner.run(SuiteRunner.java:240)
	at org.testng.SuiteRunnerWorker.runSuite(SuiteRunnerWorker.java:52)
	at org.testng.SuiteRunnerWorker.run(SuiteRunnerWorker.java:86)
	at org.testng.TestNG.runSuitesSequentially(TestNG.java:1224)
	at org.testng.TestNG.runSuitesLocally(TestNG.java:1149)
	at org.testng.TestNG.run(TestNG.java:1057)
	at org.testng.TestNG.privateMain(TestNG.java:1364)
	at org.testng.TestNG.main(TestNG.java:1333)
Caused by: java.lang.ClassNotFoundException: freemarker.template.TemplateModelException
	at java.base/jdk.internal.loader.BuiltinClassLoader.loadClass(BuiltinClassLoader.java:581)
	at java.base/jdk.internal.loader.ClassLoaders$AppClassLoader.loadClass(ClassLoaders.java:178)
	at java.base/java.lang.ClassLoader.loadClass(ClassLoader.java:521)
	... 21 more
]]>
    </failure>
  </testcase> <!-- CycleCount -->
  <testcase classname="NetAgentSmoke.NetAgentProcess" name="Userlist" time="0.000">
    <failure message="freemarker/template/TemplateModelException" type="java.lang.NoClassDefFoundError">
      <![CDATA[java.lang.NoClassDefFoundError: freemarker/template/TemplateModelException
	at com.relevantcodes.extentreports.ExtentReports.<init>(ExtentReports.java:86)
	at com.relevantcodes.extentreports.ExtentReports.<init>(ExtentReports.java:375)
	at NetAgentSmoke.BaseInit.startTest(BaseInit.java:131)
	at NetAgentSmoke.BaseInit.beforeMethod(BaseInit.java:75)
	at java.base/jdk.internal.reflect.NativeMethodAccessorImpl.invoke0(Native Method)
	at java.base/jdk.internal.reflect.NativeMethodAccessorImpl.invoke(NativeMethodAccessorImpl.java:62)
	at java.base/jdk.internal.reflect.DelegatingMethodAccessorImpl.invoke(DelegatingMethodAccessorImpl.java:43)
	at java.base/java.lang.reflect.Method.invoke(Method.java:566)
	at org.testng.internal.MethodInvocationHelper.invokeMethod(MethodInvocationHelper.java:84)
	at org.testng.internal.Invoker.invokeConfigurationMethod(Invoker.java:564)
	at org.testng.internal.Invoker.invokeConfigurations(Invoker.java:213)
	at org.testng.internal.Invoker.invokeConfigurations(Invoker.java:138)
	at org.testng.SuiteRunner.privateRun(SuiteRunner.java:277)
	at org.testng.SuiteRunner.run(SuiteRunner.java:240)
	at org.testng.SuiteRunnerWorker.runSuite(SuiteRunnerWorker.java:52)
	at org.testng.SuiteRunnerWorker.run(SuiteRunnerWorker.java:86)
	at org.testng.TestNG.runSuitesSequentially(TestNG.java:1224)
	at org.testng.TestNG.runSuitesLocally(TestNG.java:1149)
	at org.testng.TestNG.run(TestNG.java:1057)
	at org.testng.TestNG.privateMain(TestNG.java:1364)
	at org.testng.TestNG.main(TestNG.java:1333)
Caused by: java.lang.ClassNotFoundException: freemarker.template.TemplateModelException
	at java.base/jdk.internal.loader.BuiltinClassLoader.loadClass(BuiltinClassLoader.java:581)
	at java.base/jdk.internal.loader.ClassLoaders$AppClassLoader.loadClass(ClassLoaders.java:178)
	at java.base/java.lang.ClassLoader.loadClass(ClassLoader.java:521)
	... 21 more
]]>
    </failure>
  </testcase> <!-- Userlist -->
  <testcase classname="NetAgentSmoke.NetAgentProcess" name="AgentActivityDetailReport" time="0.000">
    <failure message="freemarker/template/TemplateModelException" type="java.lang.NoClassDefFoundError">
      <![CDATA[java.lang.NoClassDefFoundError: freemarker/template/TemplateModelException
	at com.relevantcodes.extentreports.ExtentReports.<init>(ExtentReports.java:86)
	at com.relevantcodes.extentreports.ExtentReports.<init>(ExtentReports.java:375)
	at NetAgentSmoke.BaseInit.startTest(BaseInit.java:131)
	at NetAgentSmoke.BaseInit.beforeMethod(BaseInit.java:75)
	at java.base/jdk.internal.reflect.NativeMethodAccessorImpl.invoke0(Native Method)
	at java.base/jdk.internal.reflect.NativeMethodAccessorImpl.invoke(NativeMethodAccessorImpl.java:62)
	at java.base/jdk.internal.reflect.DelegatingMethodAccessorImpl.invoke(DelegatingMethodAccessorImpl.java:43)
	at java.base/java.lang.reflect.Method.invoke(Method.java:566)
	at org.testng.internal.MethodInvocationHelper.invokeMethod(MethodInvocationHelper.java:84)
	at org.testng.internal.Invoker.invokeConfigurationMethod(Invoker.java:564)
	at org.testng.internal.Invoker.invokeConfigurations(Invoker.java:213)
	at org.testng.internal.Invoker.invokeConfigurations(Invoker.java:138)
	at org.testng.SuiteRunner.privateRun(SuiteRunner.java:277)
	at org.testng.SuiteRunner.run(SuiteRunner.java:240)
	at org.testng.SuiteRunnerWorker.runSuite(SuiteRunnerWorker.java:52)
	at org.testng.SuiteRunnerWorker.run(SuiteRunnerWorker.java:86)
	at org.testng.TestNG.runSuitesSequentially(TestNG.java:1224)
	at org.testng.TestNG.runSuitesLocally(TestNG.java:1149)
	at org.testng.TestNG.run(TestNG.java:1057)
	at org.testng.TestNG.privateMain(TestNG.java:1364)
	at org.testng.TestNG.main(TestNG.java:1333)
Caused by: java.lang.ClassNotFoundException: freemarker.template.TemplateModelException
	at java.base/jdk.internal.loader.BuiltinClassLoader.loadClass(BuiltinClassLoader.java:581)
	at java.base/jdk.internal.loader.ClassLoaders$AppClassLoader.loadClass(ClassLoaders.java:178)
	at java.base/java.lang.ClassLoader.loadClass(ClassLoader.java:521)
	... 21 more
]]>
    </failure>
  </testcase> <!-- AgentActivityDetailReport -->
  <testcase classname="NetAgentSmoke.NetAgentProcess" name="CycleCountBIN" time="0.001">
    <failure message="freemarker/template/TemplateModelException" type="java.lang.NoClassDefFoundError">
      <![CDATA[java.lang.NoClassDefFoundError: freemarker/template/TemplateModelException
	at com.relevantcodes.extentreports.ExtentReports.<init>(ExtentReports.java:86)
	at com.relevantcodes.extentreports.ExtentReports.<init>(ExtentReports.java:375)
	at NetAgentSmoke.BaseInit.startTest(BaseInit.java:131)
	at NetAgentSmoke.BaseInit.beforeMethod(BaseInit.java:75)
	at java.base/jdk.internal.reflect.NativeMethodAccessorImpl.invoke0(Native Method)
	at java.base/jdk.internal.reflect.NativeMethodAccessorImpl.invoke(NativeMethodAccessorImpl.java:62)
	at java.base/jdk.internal.reflect.DelegatingMethodAccessorImpl.invoke(DelegatingMethodAccessorImpl.java:43)
	at java.base/java.lang.reflect.Method.invoke(Method.java:566)
	at org.testng.internal.MethodInvocationHelper.invokeMethod(MethodInvocationHelper.java:84)
	at org.testng.internal.Invoker.invokeConfigurationMethod(Invoker.java:564)
	at org.testng.internal.Invoker.invokeConfigurations(Invoker.java:213)
	at org.testng.internal.Invoker.invokeConfigurations(Invoker.java:138)
	at org.testng.SuiteRunner.privateRun(SuiteRunner.java:277)
	at org.testng.SuiteRunner.run(SuiteRunner.java:240)
	at org.testng.SuiteRunnerWorker.runSuite(SuiteRunnerWorker.java:52)
	at org.testng.SuiteRunnerWorker.run(SuiteRunnerWorker.java:86)
	at org.testng.TestNG.runSuitesSequentially(TestNG.java:1224)
	at org.testng.TestNG.runSuitesLocally(TestNG.java:1149)
	at org.testng.TestNG.run(TestNG.java:1057)
	at org.testng.TestNG.privateMain(TestNG.java:1364)
	at org.testng.TestNG.main(TestNG.java:1333)
Caused by: java.lang.ClassNotFoundException: freemarker.template.TemplateModelException
	at java.base/jdk.internal.loader.BuiltinClassLoader.loadClass(BuiltinClassLoader.java:581)
	at java.base/jdk.internal.loader.ClassLoaders$AppClassLoader.loadClass(ClassLoaders.java:178)
	at java.base/java.lang.ClassLoader.loadClass(ClassLoader.java:521)
	... 21 more
]]>
    </failure>
  </testcase> <!-- CycleCountBIN -->
  <testcase classname="NetAgentSmoke.NetAgentProcess" name="MNXDoc" time="0.000">
    <failure message="freemarker/template/TemplateModelException" type="java.lang.NoClassDefFoundError">
      <![CDATA[java.lang.NoClassDefFoundError: freemarker/template/TemplateModelException
	at com.relevantcodes.extentreports.ExtentReports.<init>(ExtentReports.java:86)
	at com.relevantcodes.extentreports.ExtentReports.<init>(ExtentReports.java:375)
	at NetAgentSmoke.BaseInit.startTest(BaseInit.java:131)
	at NetAgentSmoke.BaseInit.beforeMethod(BaseInit.java:75)
	at java.base/jdk.internal.reflect.NativeMethodAccessorImpl.invoke0(Native Method)
	at java.base/jdk.internal.reflect.NativeMethodAccessorImpl.invoke(NativeMethodAccessorImpl.java:62)
	at java.base/jdk.internal.reflect.DelegatingMethodAccessorImpl.invoke(DelegatingMethodAccessorImpl.java:43)
	at java.base/java.lang.reflect.Method.invoke(Method.java:566)
	at org.testng.internal.MethodInvocationHelper.invokeMethod(MethodInvocationHelper.java:84)
	at org.testng.internal.Invoker.invokeConfigurationMethod(Invoker.java:564)
	at org.testng.internal.Invoker.invokeConfigurations(Invoker.java:213)
	at org.testng.internal.Invoker.invokeConfigurations(Invoker.java:138)
	at org.testng.SuiteRunner.privateRun(SuiteRunner.java:277)
	at org.testng.SuiteRunner.run(SuiteRunner.java:240)
	at org.testng.SuiteRunnerWorker.runSuite(SuiteRunnerWorker.java:52)
	at org.testng.SuiteRunnerWorker.run(SuiteRunnerWorker.java:86)
	at org.testng.TestNG.runSuitesSequentially(TestNG.java:1224)
	at org.testng.TestNG.runSuitesLocally(TestNG.java:1149)
	at org.testng.TestNG.run(TestNG.java:1057)
	at org.testng.TestNG.privateMain(TestNG.java:1364)
	at org.testng.TestNG.main(TestNG.java:1333)
Caused by: java.lang.ClassNotFoundException: freemarker.template.TemplateModelException
	at java.base/jdk.internal.loader.BuiltinClassLoader.loadClass(BuiltinClassLoader.java:581)
	at java.base/jdk.internal.loader.ClassLoaders$AppClassLoader.loadClass(ClassLoaders.java:178)
	at java.base/java.lang.ClassLoader.loadClass(ClassLoader.java:521)
	... 21 more
]]>
    </failure>
  </testcase> <!-- MNXDoc -->
  <testcase classname="NetAgentSmoke.NetAgentProcess" name="Courier" time="0.000">
    <failure message="freemarker/template/TemplateModelException" type="java.lang.NoClassDefFoundError">
      <![CDATA[java.lang.NoClassDefFoundError: freemarker/template/TemplateModelException
	at com.relevantcodes.extentreports.ExtentReports.<init>(ExtentReports.java:86)
	at com.relevantcodes.extentreports.ExtentReports.<init>(ExtentReports.java:375)
	at NetAgentSmoke.BaseInit.startTest(BaseInit.java:131)
	at NetAgentSmoke.BaseInit.beforeMethod(BaseInit.java:75)
	at java.base/jdk.internal.reflect.NativeMethodAccessorImpl.invoke0(Native Method)
	at java.base/jdk.internal.reflect.NativeMethodAccessorImpl.invoke(NativeMethodAccessorImpl.java:62)
	at java.base/jdk.internal.reflect.DelegatingMethodAccessorImpl.invoke(DelegatingMethodAccessorImpl.java:43)
	at java.base/java.lang.reflect.Method.invoke(Method.java:566)
	at org.testng.internal.MethodInvocationHelper.invokeMethod(MethodInvocationHelper.java:84)
	at org.testng.internal.Invoker.invokeConfigurationMethod(Invoker.java:564)
	at org.testng.internal.Invoker.invokeConfigurations(Invoker.java:213)
	at org.testng.internal.Invoker.invokeConfigurations(Invoker.java:138)
	at org.testng.SuiteRunner.privateRun(SuiteRunner.java:277)
	at org.testng.SuiteRunner.run(SuiteRunner.java:240)
	at org.testng.SuiteRunnerWorker.runSuite(SuiteRunnerWorker.java:52)
	at org.testng.SuiteRunnerWorker.run(SuiteRunnerWorker.java:86)
	at org.testng.TestNG.runSuitesSequentially(TestNG.java:1224)
	at org.testng.TestNG.runSuitesLocally(TestNG.java:1149)
	at org.testng.TestNG.run(TestNG.java:1057)
	at org.testng.TestNG.privateMain(TestNG.java:1364)
	at org.testng.TestNG.main(TestNG.java:1333)
Caused by: java.lang.ClassNotFoundException: freemarker.template.TemplateModelException
	at java.base/jdk.internal.loader.BuiltinClassLoader.loadClass(BuiltinClassLoader.java:581)
	at java.base/jdk.internal.loader.ClassLoaders$AppClassLoader.loadClass(ClassLoaders.java:178)
	at java.base/java.lang.ClassLoader.loadClass(ClassLoader.java:521)
	... 21 more
]]>
    </failure>
  </testcase> <!-- Courier -->
  <testcase classname="NetAgentSmoke.NetAgentProcess" name="AgentActivityReport" time="0.000">
    <failure message="freemarker/template/TemplateModelException" type="java.lang.NoClassDefFoundError">
      <![CDATA[java.lang.NoClassDefFoundError: freemarker/template/TemplateModelException
	at com.relevantcodes.extentreports.ExtentReports.<init>(ExtentReports.java:86)
	at com.relevantcodes.extentreports.ExtentReports.<init>(ExtentReports.java:375)
	at NetAgentSmoke.BaseInit.startTest(BaseInit.java:131)
	at NetAgentSmoke.BaseInit.beforeMethod(BaseInit.java:75)
	at java.base/jdk.internal.reflect.NativeMethodAccessorImpl.invoke0(Native Method)
	at java.base/jdk.internal.reflect.NativeMethodAccessorImpl.invoke(NativeMethodAccessorImpl.java:62)
	at java.base/jdk.internal.reflect.DelegatingMethodAccessorImpl.invoke(DelegatingMethodAccessorImpl.java:43)
	at java.base/java.lang.reflect.Method.invoke(Method.java:566)
	at org.testng.internal.MethodInvocationHelper.invokeMethod(MethodInvocationHelper.java:84)
	at org.testng.internal.Invoker.invokeConfigurationMethod(Invoker.java:564)
	at org.testng.internal.Invoker.invokeConfigurations(Invoker.java:213)
	at org.testng.internal.Invoker.invokeConfigurations(Invoker.java:138)
	at org.testng.SuiteRunner.privateRun(SuiteRunner.java:277)
	at org.testng.SuiteRunner.run(SuiteRunner.java:240)
	at org.testng.SuiteRunnerWorker.runSuite(SuiteRunnerWorker.java:52)
	at org.testng.SuiteRunnerWorker.run(SuiteRunnerWorker.java:86)
	at org.testng.TestNG.runSuitesSequentially(TestNG.java:1224)
	at org.testng.TestNG.runSuitesLocally(TestNG.java:1149)
	at org.testng.TestNG.run(TestNG.java:1057)
	at org.testng.TestNG.privateMain(TestNG.java:1364)
	at org.testng.TestNG.main(TestNG.java:1333)
Caused by: java.lang.ClassNotFoundException: freemarker.template.TemplateModelException
	at java.base/jdk.internal.loader.BuiltinClassLoader.loadClass(BuiltinClassLoader.java:581)
	at java.base/jdk.internal.loader.ClassLoaders$AppClassLoader.loadClass(ClassLoaders.java:178)
	at java.base/java.lang.ClassLoader.loadClass(ClassLoader.java:521)
	... 21 more
]]>
    </failure>
  </testcase> <!-- AgentActivityReport -->
  <testcase classname="NetAgentSmoke.NetAgentProcess" name="MileageCalc" time="0.000">
    <failure message="freemarker/template/TemplateModelException" type="java.lang.NoClassDefFoundError">
      <![CDATA[java.lang.NoClassDefFoundError: freemarker/template/TemplateModelException
	at com.relevantcodes.extentreports.ExtentReports.<init>(ExtentReports.java:86)
	at com.relevantcodes.extentreports.ExtentReports.<init>(ExtentReports.java:375)
	at NetAgentSmoke.BaseInit.startTest(BaseInit.java:131)
	at NetAgentSmoke.BaseInit.beforeMethod(BaseInit.java:75)
	at java.base/jdk.internal.reflect.NativeMethodAccessorImpl.invoke0(Native Method)
	at java.base/jdk.internal.reflect.NativeMethodAccessorImpl.invoke(NativeMethodAccessorImpl.java:62)
	at java.base/jdk.internal.reflect.DelegatingMethodAccessorImpl.invoke(DelegatingMethodAccessorImpl.java:43)
	at java.base/java.lang.reflect.Method.invoke(Method.java:566)
	at org.testng.internal.MethodInvocationHelper.invokeMethod(MethodInvocationHelper.java:84)
	at org.testng.internal.Invoker.invokeConfigurationMethod(Invoker.java:564)
	at org.testng.internal.Invoker.invokeConfigurations(Invoker.java:213)
	at org.testng.internal.Invoker.invokeConfigurations(Invoker.java:138)
	at org.testng.SuiteRunner.privateRun(SuiteRunner.java:277)
	at org.testng.SuiteRunner.run(SuiteRunner.java:240)
	at org.testng.SuiteRunnerWorker.runSuite(SuiteRunnerWorker.java:52)
	at org.testng.SuiteRunnerWorker.run(SuiteRunnerWorker.java:86)
	at org.testng.TestNG.runSuitesSequentially(TestNG.java:1224)
	at org.testng.TestNG.runSuitesLocally(TestNG.java:1149)
	at org.testng.TestNG.run(TestNG.java:1057)
	at org.testng.TestNG.privateMain(TestNG.java:1364)
	at org.testng.TestNG.main(TestNG.java:1333)
Caused by: java.lang.ClassNotFoundException: freemarker.template.TemplateModelException
	at java.base/jdk.internal.loader.BuiltinClassLoader.loadClass(BuiltinClassLoader.java:581)
	at java.base/jdk.internal.loader.ClassLoaders$AppClassLoader.loadClass(ClassLoaders.java:178)
	at java.base/java.lang.ClassLoader.loadClass(ClassLoader.java:521)
	... 21 more
]]>
    </failure>
  </testcase> <!-- MileageCalc -->
  <testcase classname="NetAgentSmoke.NetAgentProcess" name="ReceiptReport" time="0.000">
    <failure message="freemarker/template/TemplateModelException" type="java.lang.NoClassDefFoundError">
      <![CDATA[java.lang.NoClassDefFoundError: freemarker/template/TemplateModelException
	at com.relevantcodes.extentreports.ExtentReports.<init>(ExtentReports.java:86)
	at com.relevantcodes.extentreports.ExtentReports.<init>(ExtentReports.java:375)
	at NetAgentSmoke.BaseInit.startTest(BaseInit.java:131)
	at NetAgentSmoke.BaseInit.beforeMethod(BaseInit.java:75)
	at java.base/jdk.internal.reflect.NativeMethodAccessorImpl.invoke0(Native Method)
	at java.base/jdk.internal.reflect.NativeMethodAccessorImpl.invoke(NativeMethodAccessorImpl.java:62)
	at java.base/jdk.internal.reflect.DelegatingMethodAccessorImpl.invoke(DelegatingMethodAccessorImpl.java:43)
	at java.base/java.lang.reflect.Method.invoke(Method.java:566)
	at org.testng.internal.MethodInvocationHelper.invokeMethod(MethodInvocationHelper.java:84)
	at org.testng.internal.Invoker.invokeConfigurationMethod(Invoker.java:564)
	at org.testng.internal.Invoker.invokeConfigurations(Invoker.java:213)
	at org.testng.internal.Invoker.invokeConfigurations(Invoker.java:138)
	at org.testng.SuiteRunner.privateRun(SuiteRunner.java:277)
	at org.testng.SuiteRunner.run(SuiteRunner.java:240)
	at org.testng.SuiteRunnerWorker.runSuite(SuiteRunnerWorker.java:52)
	at org.testng.SuiteRunnerWorker.run(SuiteRunnerWorker.java:86)
	at org.testng.TestNG.runSuitesSequentially(TestNG.java:1224)
	at org.testng.TestNG.runSuitesLocally(TestNG.java:1149)
	at org.testng.TestNG.run(TestNG.java:1057)
	at org.testng.TestNG.privateMain(TestNG.java:1364)
	at org.testng.TestNG.main(TestNG.java:1333)
Caused by: java.lang.ClassNotFoundException: freemarker.template.TemplateModelException
	at java.base/jdk.internal.loader.BuiltinClassLoader.loadClass(BuiltinClassLoader.java:581)
	at java.base/jdk.internal.loader.ClassLoaders$AppClassLoader.loadClass(ClassLoaders.java:178)
	at java.base/java.lang.ClassLoader.loadClass(ClassLoader.java:521)
	... 21 more
]]>
    </failure>
  </testcase> <!-- ReceiptReport -->
  <testcase classname="NetAgentSmoke.NetAgentProcess" name="ASNLog" time="0.000">
    <failure message="freemarker/template/TemplateModelException" type="java.lang.NoClassDefFoundError">
      <![CDATA[java.lang.NoClassDefFoundError: freemarker/template/TemplateModelException
	at com.relevantcodes.extentreports.ExtentReports.<init>(ExtentReports.java:86)
	at com.relevantcodes.extentreports.ExtentReports.<init>(ExtentReports.java:375)
	at NetAgentSmoke.BaseInit.startTest(BaseInit.java:131)
	at NetAgentSmoke.BaseInit.beforeMethod(BaseInit.java:75)
	at java.base/jdk.internal.reflect.NativeMethodAccessorImpl.invoke0(Native Method)
	at java.base/jdk.internal.reflect.NativeMethodAccessorImpl.invoke(NativeMethodAccessorImpl.java:62)
	at java.base/jdk.internal.reflect.DelegatingMethodAccessorImpl.invoke(DelegatingMethodAccessorImpl.java:43)
	at java.base/java.lang.reflect.Method.invoke(Method.java:566)
	at org.testng.internal.MethodInvocationHelper.invokeMethod(MethodInvocationHelper.java:84)
	at org.testng.internal.Invoker.invokeConfigurationMethod(Invoker.java:564)
	at org.testng.internal.Invoker.invokeConfigurations(Invoker.java:213)
	at org.testng.internal.Invoker.invokeConfigurations(Invoker.java:138)
	at org.testng.SuiteRunner.privateRun(SuiteRunner.java:277)
	at org.testng.SuiteRunner.run(SuiteRunner.java:240)
	at org.testng.SuiteRunnerWorker.runSuite(SuiteRunnerWorker.java:52)
	at org.testng.SuiteRunnerWorker.run(SuiteRunnerWorker.java:86)
	at org.testng.TestNG.runSuitesSequentially(TestNG.java:1224)
	at org.testng.TestNG.runSuitesLocally(TestNG.java:1149)
	at org.testng.TestNG.run(TestNG.java:1057)
	at org.testng.TestNG.privateMain(TestNG.java:1364)
	at org.testng.TestNG.main(TestNG.java:1333)
Caused by: java.lang.ClassNotFoundException: freemarker.template.TemplateModelException
	at java.base/jdk.internal.loader.BuiltinClassLoader.loadClass(BuiltinClassLoader.java:581)
	at java.base/jdk.internal.loader.ClassLoaders$AppClassLoader.loadClass(ClassLoaders.java:178)
	at java.base/java.lang.ClassLoader.loadClass(ClassLoader.java:521)
	... 21 more
]]>
    </failure>
  </testcase> <!-- ASNLog -->
  <testcase classname="NetAgentSmoke.NetAgentProcess" name="AgentTSA" time="0.000">
    <failure message="freemarker/template/TemplateModelException" type="java.lang.NoClassDefFoundError">
      <![CDATA[java.lang.NoClassDefFoundError: freemarker/template/TemplateModelException
	at com.relevantcodes.extentreports.ExtentReports.<init>(ExtentReports.java:86)
	at com.relevantcodes.extentreports.ExtentReports.<init>(ExtentReports.java:375)
	at NetAgentSmoke.BaseInit.startTest(BaseInit.java:131)
	at NetAgentSmoke.BaseInit.beforeMethod(BaseInit.java:75)
	at java.base/jdk.internal.reflect.NativeMethodAccessorImpl.invoke0(Native Method)
	at java.base/jdk.internal.reflect.NativeMethodAccessorImpl.invoke(NativeMethodAccessorImpl.java:62)
	at java.base/jdk.internal.reflect.DelegatingMethodAccessorImpl.invoke(DelegatingMethodAccessorImpl.java:43)
	at java.base/java.lang.reflect.Method.invoke(Method.java:566)
	at org.testng.internal.MethodInvocationHelper.invokeMethod(MethodInvocationHelper.java:84)
	at org.testng.internal.Invoker.invokeConfigurationMethod(Invoker.java:564)
	at org.testng.internal.Invoker.invokeConfigurations(Invoker.java:213)
	at org.testng.internal.Invoker.invokeConfigurations(Invoker.java:138)
	at org.testng.SuiteRunner.privateRun(SuiteRunner.java:277)
	at org.testng.SuiteRunner.run(SuiteRunner.java:240)
	at org.testng.SuiteRunnerWorker.runSuite(SuiteRunnerWorker.java:52)
	at org.testng.SuiteRunnerWorker.run(SuiteRunnerWorker.java:86)
	at org.testng.TestNG.runSuitesSequentially(TestNG.java:1224)
	at org.testng.TestNG.runSuitesLocally(TestNG.java:1149)
	at org.testng.TestNG.run(TestNG.java:1057)
	at org.testng.TestNG.privateMain(TestNG.java:1364)
	at org.testng.TestNG.main(TestNG.java:1333)
Caused by: java.lang.ClassNotFoundException: freemarker.template.TemplateModelException
	at java.base/jdk.internal.loader.BuiltinClassLoader.loadClass(BuiltinClassLoader.java:581)
	at java.base/jdk.internal.loader.ClassLoaders$AppClassLoader.loadClass(ClassLoaders.java:178)
	at java.base/java.lang.ClassLoader.loadClass(ClassLoader.java:521)
	... 21 more
]]>
    </failure>
  </testcase> <!-- AgentTSA -->
  <testcase classname="NetAgentSmoke.NetAgentProcess" name="Userprofile" time="0.000">
    <failure message="freemarker/template/TemplateModelException" type="java.lang.NoClassDefFoundError">
      <![CDATA[java.lang.NoClassDefFoundError: freemarker/template/TemplateModelException
	at com.relevantcodes.extentreports.ExtentReports.<init>(ExtentReports.java:86)
	at com.relevantcodes.extentreports.ExtentReports.<init>(ExtentReports.java:375)
	at NetAgentSmoke.BaseInit.startTest(BaseInit.java:131)
	at NetAgentSmoke.BaseInit.beforeMethod(BaseInit.java:75)
	at java.base/jdk.internal.reflect.NativeMethodAccessorImpl.invoke0(Native Method)
	at java.base/jdk.internal.reflect.NativeMethodAccessorImpl.invoke(NativeMethodAccessorImpl.java:62)
	at java.base/jdk.internal.reflect.DelegatingMethodAccessorImpl.invoke(DelegatingMethodAccessorImpl.java:43)
	at java.base/java.lang.reflect.Method.invoke(Method.java:566)
	at org.testng.internal.MethodInvocationHelper.invokeMethod(MethodInvocationHelper.java:84)
	at org.testng.internal.Invoker.invokeConfigurationMethod(Invoker.java:564)
	at org.testng.internal.Invoker.invokeConfigurations(Invoker.java:213)
	at org.testng.internal.Invoker.invokeConfigurations(Invoker.java:138)
	at org.testng.SuiteRunner.privateRun(SuiteRunner.java:277)
	at org.testng.SuiteRunner.run(SuiteRunner.java:240)
	at org.testng.SuiteRunnerWorker.runSuite(SuiteRunnerWorker.java:52)
	at org.testng.SuiteRunnerWorker.run(SuiteRunnerWorker.java:86)
	at org.testng.TestNG.runSuitesSequentially(TestNG.java:1224)
	at org.testng.TestNG.runSuitesLocally(TestNG.java:1149)
	at org.testng.TestNG.run(TestNG.java:1057)
	at org.testng.TestNG.privateMain(TestNG.java:1364)
	at org.testng.TestNG.main(TestNG.java:1333)
Caused by: java.lang.ClassNotFoundException: freemarker.template.TemplateModelException
	at java.base/jdk.internal.loader.BuiltinClassLoader.loadClass(BuiltinClassLoader.java:581)
	at java.base/jdk.internal.loader.ClassLoaders$AppClassLoader.loadClass(ClassLoaders.java:178)
	at java.base/java.lang.ClassLoader.loadClass(ClassLoader.java:521)
	... 21 more
]]>
    </failure>
  </testcase> <!-- Userprofile -->
  <testcase classname="NetAgentSmoke.NetAgentProcess" name="TransactionReport" time="0.000">
    <failure message="freemarker/template/TemplateModelException" type="java.lang.NoClassDefFoundError">
      <![CDATA[java.lang.NoClassDefFoundError: freemarker/template/TemplateModelException
	at com.relevantcodes.extentreports.ExtentReports.<init>(ExtentReports.java:86)
	at com.relevantcodes.extentreports.ExtentReports.<init>(ExtentReports.java:375)
	at NetAgentSmoke.BaseInit.startTest(BaseInit.java:131)
	at NetAgentSmoke.BaseInit.beforeMethod(BaseInit.java:75)
	at java.base/jdk.internal.reflect.NativeMethodAccessorImpl.invoke0(Native Method)
	at java.base/jdk.internal.reflect.NativeMethodAccessorImpl.invoke(NativeMethodAccessorImpl.java:62)
	at java.base/jdk.internal.reflect.DelegatingMethodAccessorImpl.invoke(DelegatingMethodAccessorImpl.java:43)
	at java.base/java.lang.reflect.Method.invoke(Method.java:566)
	at org.testng.internal.MethodInvocationHelper.invokeMethod(MethodInvocationHelper.java:84)
	at org.testng.internal.Invoker.invokeConfigurationMethod(Invoker.java:564)
	at org.testng.internal.Invoker.invokeConfigurations(Invoker.java:213)
	at org.testng.internal.Invoker.invokeConfigurations(Invoker.java:138)
	at org.testng.SuiteRunner.privateRun(SuiteRunner.java:277)
	at org.testng.SuiteRunner.run(SuiteRunner.java:240)
	at org.testng.SuiteRunnerWorker.runSuite(SuiteRunnerWorker.java:52)
	at org.testng.SuiteRunnerWorker.run(SuiteRunnerWorker.java:86)
	at org.testng.TestNG.runSuitesSequentially(TestNG.java:1224)
	at org.testng.TestNG.runSuitesLocally(TestNG.java:1149)
	at org.testng.TestNG.run(TestNG.java:1057)
	at org.testng.TestNG.privateMain(TestNG.java:1364)
	at org.testng.TestNG.main(TestNG.java:1333)
Caused by: java.lang.ClassNotFoundException: freemarker.template.TemplateModelException
	at java.base/jdk.internal.loader.BuiltinClassLoader.loadClass(BuiltinClassLoader.java:581)
	at java.base/jdk.internal.loader.ClassLoaders$AppClassLoader.loadClass(ClassLoaders.java:178)
	at java.base/java.lang.ClassLoader.loadClass(ClassLoader.java:521)
	... 21 more
]]>
    </failure>
  </testcase> <!-- TransactionReport -->
  <testcase classname="NetAgentSmoke.NetAgentProcess" name="ContactUs" time="0.000">
    <failure message="freemarker/template/TemplateModelException" type="java.lang.NoClassDefFoundError">
      <![CDATA[java.lang.NoClassDefFoundError: freemarker/template/TemplateModelException
	at com.relevantcodes.extentreports.ExtentReports.<init>(ExtentReports.java:86)
	at com.relevantcodes.extentreports.ExtentReports.<init>(ExtentReports.java:375)
	at NetAgentSmoke.BaseInit.startTest(BaseInit.java:131)
	at NetAgentSmoke.BaseInit.beforeMethod(BaseInit.java:75)
	at java.base/jdk.internal.reflect.NativeMethodAccessorImpl.invoke0(Native Method)
	at java.base/jdk.internal.reflect.NativeMethodAccessorImpl.invoke(NativeMethodAccessorImpl.java:62)
	at java.base/jdk.internal.reflect.DelegatingMethodAccessorImpl.invoke(DelegatingMethodAccessorImpl.java:43)
	at java.base/java.lang.reflect.Method.invoke(Method.java:566)
	at org.testng.internal.MethodInvocationHelper.invokeMethod(MethodInvocationHelper.java:84)
	at org.testng.internal.Invoker.invokeConfigurationMethod(Invoker.java:564)
	at org.testng.internal.Invoker.invokeConfigurations(Invoker.java:213)
	at org.testng.internal.Invoker.invokeConfigurations(Invoker.java:138)
	at org.testng.SuiteRunner.privateRun(SuiteRunner.java:277)
	at org.testng.SuiteRunner.run(SuiteRunner.java:240)
	at org.testng.SuiteRunnerWorker.runSuite(SuiteRunnerWorker.java:52)
	at org.testng.SuiteRunnerWorker.run(SuiteRunnerWorker.java:86)
	at org.testng.TestNG.runSuitesSequentially(TestNG.java:1224)
	at org.testng.TestNG.runSuitesLocally(TestNG.java:1149)
	at org.testng.TestNG.run(TestNG.java:1057)
	at org.testng.TestNG.privateMain(TestNG.java:1364)
	at org.testng.TestNG.main(TestNG.java:1333)
Caused by: java.lang.ClassNotFoundException: freemarker.template.TemplateModelException
	at java.base/jdk.internal.loader.BuiltinClassLoader.loadClass(BuiltinClassLoader.java:581)
	at java.base/jdk.internal.loader.ClassLoaders$AppClassLoader.loadClass(ClassLoaders.java:178)
	at java.base/java.lang.ClassLoader.loadClass(ClassLoader.java:521)
	... 21 more
]]>
    </failure>
  </testcase> <!-- ContactUs -->
  <testcase classname="NetAgentSmoke.NetAgentProcess" name="AgentRisk" time="0.000">
    <failure message="freemarker/template/TemplateModelException" type="java.lang.NoClassDefFoundError">
      <![CDATA[java.lang.NoClassDefFoundError: freemarker/template/TemplateModelException
	at com.relevantcodes.extentreports.ExtentReports.<init>(ExtentReports.java:86)
	at com.relevantcodes.extentreports.ExtentReports.<init>(ExtentReports.java:375)
	at NetAgentSmoke.BaseInit.startTest(BaseInit.java:131)
	at NetAgentSmoke.BaseInit.beforeMethod(BaseInit.java:75)
	at java.base/jdk.internal.reflect.NativeMethodAccessorImpl.invoke0(Native Method)
	at java.base/jdk.internal.reflect.NativeMethodAccessorImpl.invoke(NativeMethodAccessorImpl.java:62)
	at java.base/jdk.internal.reflect.DelegatingMethodAccessorImpl.invoke(DelegatingMethodAccessorImpl.java:43)
	at java.base/java.lang.reflect.Method.invoke(Method.java:566)
	at org.testng.internal.MethodInvocationHelper.invokeMethod(MethodInvocationHelper.java:84)
	at org.testng.internal.Invoker.invokeConfigurationMethod(Invoker.java:564)
	at org.testng.internal.Invoker.invokeConfigurations(Invoker.java:213)
	at org.testng.internal.Invoker.invokeConfigurations(Invoker.java:138)
	at org.testng.SuiteRunner.privateRun(SuiteRunner.java:277)
	at org.testng.SuiteRunner.run(SuiteRunner.java:240)
	at org.testng.SuiteRunnerWorker.runSuite(SuiteRunnerWorker.java:52)
	at org.testng.SuiteRunnerWorker.run(SuiteRunnerWorker.java:86)
	at org.testng.TestNG.runSuitesSequentially(TestNG.java:1224)
	at org.testng.TestNG.runSuitesLocally(TestNG.java:1149)
	at org.testng.TestNG.run(TestNG.java:1057)
	at org.testng.TestNG.privateMain(TestNG.java:1364)
	at org.testng.TestNG.main(TestNG.java:1333)
Caused by: java.lang.ClassNotFoundException: freemarker.template.TemplateModelException
	at java.base/jdk.internal.loader.BuiltinClassLoader.loadClass(BuiltinClassLoader.java:581)
	at java.base/jdk.internal.loader.ClassLoaders$AppClassLoader.loadClass(ClassLoaders.java:178)
	at java.base/java.lang.ClassLoader.loadClass(ClassLoader.java:521)
	... 21 more
]]>
    </failure>
  </testcase> <!-- AgentRisk -->
  <testcase classname="NetAgentSmoke.NetAgentProcess" name="TaskLog" time="0.000">
    <failure message="freemarker/template/TemplateModelException" type="java.lang.NoClassDefFoundError">
      <![CDATA[java.lang.NoClassDefFoundError: freemarker/template/TemplateModelException
	at com.relevantcodes.extentreports.ExtentReports.<init>(ExtentReports.java:86)
	at com.relevantcodes.extentreports.ExtentReports.<init>(ExtentReports.java:375)
	at NetAgentSmoke.BaseInit.startTest(BaseInit.java:131)
	at NetAgentSmoke.BaseInit.beforeMethod(BaseInit.java:75)
	at java.base/jdk.internal.reflect.NativeMethodAccessorImpl.invoke0(Native Method)
	at java.base/jdk.internal.reflect.NativeMethodAccessorImpl.invoke(NativeMethodAccessorImpl.java:62)
	at java.base/jdk.internal.reflect.DelegatingMethodAccessorImpl.invoke(DelegatingMethodAccessorImpl.java:43)
	at java.base/java.lang.reflect.Method.invoke(Method.java:566)
	at org.testng.internal.MethodInvocationHelper.invokeMethod(MethodInvocationHelper.java:84)
	at org.testng.internal.Invoker.invokeConfigurationMethod(Invoker.java:564)
	at org.testng.internal.Invoker.invokeConfigurations(Invoker.java:213)
	at org.testng.internal.Invoker.invokeConfigurations(Invoker.java:138)
	at org.testng.SuiteRunner.privateRun(SuiteRunner.java:277)
	at org.testng.SuiteRunner.run(SuiteRunner.java:240)
	at org.testng.SuiteRunnerWorker.runSuite(SuiteRunnerWorker.java:52)
	at org.testng.SuiteRunnerWorker.run(SuiteRunnerWorker.java:86)
	at org.testng.TestNG.runSuitesSequentially(TestNG.java:1224)
	at org.testng.TestNG.runSuitesLocally(TestNG.java:1149)
	at org.testng.TestNG.run(TestNG.java:1057)
	at org.testng.TestNG.privateMain(TestNG.java:1364)
	at org.testng.TestNG.main(TestNG.java:1333)
Caused by: java.lang.ClassNotFoundException: freemarker.template.TemplateModelException
	at java.base/jdk.internal.loader.BuiltinClassLoader.loadClass(BuiltinClassLoader.java:581)
	at java.base/jdk.internal.loader.ClassLoaders$AppClassLoader.loadClass(ClassLoaders.java:178)
	at java.base/java.lang.ClassLoader.loadClass(ClassLoader.java:521)
	... 21 more
]]>
    </failure>
  </testcase> <!-- TaskLog -->
  <testcase classname="NetAgentSmoke.NetAgentProcess" name="UserPreference" time="0.000">
    <failure message="freemarker/template/TemplateModelException" type="java.lang.NoClassDefFoundError">
      <![CDATA[java.lang.NoClassDefFoundError: freemarker/template/TemplateModelException
	at com.relevantcodes.extentreports.ExtentReports.<init>(ExtentReports.java:86)
	at com.relevantcodes.extentreports.ExtentReports.<init>(ExtentReports.java:375)
	at NetAgentSmoke.BaseInit.startTest(BaseInit.java:131)
	at NetAgentSmoke.BaseInit.beforeMethod(BaseInit.java:75)
	at java.base/jdk.internal.reflect.NativeMethodAccessorImpl.invoke0(Native Method)
	at java.base/jdk.internal.reflect.NativeMethodAccessorImpl.invoke(NativeMethodAccessorImpl.java:62)
	at java.base/jdk.internal.reflect.DelegatingMethodAccessorImpl.invoke(DelegatingMethodAccessorImpl.java:43)
	at java.base/java.lang.reflect.Method.invoke(Method.java:566)
	at org.testng.internal.MethodInvocationHelper.invokeMethod(MethodInvocationHelper.java:84)
	at org.testng.internal.Invoker.invokeConfigurationMethod(Invoker.java:564)
	at org.testng.internal.Invoker.invokeConfigurations(Invoker.java:213)
	at org.testng.internal.Invoker.invokeConfigurations(Invoker.java:138)
	at org.testng.SuiteRunner.privateRun(SuiteRunner.java:277)
	at org.testng.SuiteRunner.run(SuiteRunner.java:240)
	at org.testng.SuiteRunnerWorker.runSuite(SuiteRunnerWorker.java:52)
	at org.testng.SuiteRunnerWorker.run(SuiteRunnerWorker.java:86)
	at org.testng.TestNG.runSuitesSequentially(TestNG.java:1224)
	at org.testng.TestNG.runSuitesLocally(TestNG.java:1149)
	at org.testng.TestNG.run(TestNG.java:1057)
	at org.testng.TestNG.privateMain(TestNG.java:1364)
	at org.testng.TestNG.main(TestNG.java:1333)
Caused by: java.lang.ClassNotFoundException: freemarker.template.TemplateModelException
	at java.base/jdk.internal.loader.BuiltinClassLoader.loadClass(BuiltinClassLoader.java:581)
	at java.base/jdk.internal.loader.ClassLoaders$AppClassLoader.loadClass(ClassLoaders.java:178)
	at java.base/java.lang.ClassLoader.loadClass(ClassLoader.java:521)
	... 21 more
]]>
    </failure>
  </testcase> <!-- UserPreference -->
  <testcase classname="NetAgentSmoke.NetAgentProcess" name="FSLSetup" time="0.000">
    <failure message="freemarker/template/TemplateModelException" type="java.lang.NoClassDefFoundError">
      <![CDATA[java.lang.NoClassDefFoundError: freemarker/template/TemplateModelException
	at com.relevantcodes.extentreports.ExtentReports.<init>(ExtentReports.java:86)
	at com.relevantcodes.extentreports.ExtentReports.<init>(ExtentReports.java:375)
	at NetAgentSmoke.BaseInit.startTest(BaseInit.java:131)
	at NetAgentSmoke.BaseInit.beforeMethod(BaseInit.java:75)
	at java.base/jdk.internal.reflect.NativeMethodAccessorImpl.invoke0(Native Method)
	at java.base/jdk.internal.reflect.NativeMethodAccessorImpl.invoke(NativeMethodAccessorImpl.java:62)
	at java.base/jdk.internal.reflect.DelegatingMethodAccessorImpl.invoke(DelegatingMethodAccessorImpl.java:43)
	at java.base/java.lang.reflect.Method.invoke(Method.java:566)
	at org.testng.internal.MethodInvocationHelper.invokeMethod(MethodInvocationHelper.java:84)
	at org.testng.internal.Invoker.invokeConfigurationMethod(Invoker.java:564)
	at org.testng.internal.Invoker.invokeConfigurations(Invoker.java:213)
	at org.testng.internal.Invoker.invokeConfigurations(Invoker.java:138)
	at org.testng.SuiteRunner.privateRun(SuiteRunner.java:277)
	at org.testng.SuiteRunner.run(SuiteRunner.java:240)
	at org.testng.SuiteRunnerWorker.runSuite(SuiteRunnerWorker.java:52)
	at org.testng.SuiteRunnerWorker.run(SuiteRunnerWorker.java:86)
	at org.testng.TestNG.runSuitesSequentially(TestNG.java:1224)
	at org.testng.TestNG.runSuitesLocally(TestNG.java:1149)
	at org.testng.TestNG.run(TestNG.java:1057)
	at org.testng.TestNG.privateMain(TestNG.java:1364)
	at org.testng.TestNG.main(TestNG.java:1333)
Caused by: java.lang.ClassNotFoundException: freemarker.template.TemplateModelException
	at java.base/jdk.internal.loader.BuiltinClassLoader.loadClass(BuiltinClassLoader.java:581)
	at java.base/jdk.internal.loader.ClassLoaders$AppClassLoader.loadClass(ClassLoaders.java:178)
	at java.base/java.lang.ClassLoader.loadClass(ClassLoader.java:521)
	... 21 more
]]>
    </failure>
  </testcase> <!-- FSLSetup -->
  <testcase classname="NetAgentSmoke.NetAgentProcess" name="parts" time="0.000">
    <failure message="freemarker/template/TemplateModelException" type="java.lang.NoClassDefFoundError">
      <![CDATA[java.lang.NoClassDefFoundError: freemarker/template/TemplateModelException
	at com.relevantcodes.extentreports.ExtentReports.<init>(ExtentReports.java:86)
	at com.relevantcodes.extentreports.ExtentReports.<init>(ExtentReports.java:375)
	at NetAgentSmoke.BaseInit.startTest(BaseInit.java:131)
	at NetAgentSmoke.BaseInit.beforeMethod(BaseInit.java:75)
	at java.base/jdk.internal.reflect.NativeMethodAccessorImpl.invoke0(Native Method)
	at java.base/jdk.internal.reflect.NativeMethodAccessorImpl.invoke(NativeMethodAccessorImpl.java:62)
	at java.base/jdk.internal.reflect.DelegatingMethodAccessorImpl.invoke(DelegatingMethodAccessorImpl.java:43)
	at java.base/java.lang.reflect.Method.invoke(Method.java:566)
	at org.testng.internal.MethodInvocationHelper.invokeMethod(MethodInvocationHelper.java:84)
	at org.testng.internal.Invoker.invokeConfigurationMethod(Invoker.java:564)
	at org.testng.internal.Invoker.invokeConfigurations(Invoker.java:213)
	at org.testng.internal.Invoker.invokeConfigurations(Invoker.java:138)
	at org.testng.SuiteRunner.privateRun(SuiteRunner.java:277)
	at org.testng.SuiteRunner.run(SuiteRunner.java:240)
	at org.testng.SuiteRunnerWorker.runSuite(SuiteRunnerWorker.java:52)
	at org.testng.SuiteRunnerWorker.run(SuiteRunnerWorker.java:86)
	at org.testng.TestNG.runSuitesSequentially(TestNG.java:1224)
	at org.testng.TestNG.runSuitesLocally(TestNG.java:1149)
	at org.testng.TestNG.run(TestNG.java:1057)
	at org.testng.TestNG.privateMain(TestNG.java:1364)
	at org.testng.TestNG.main(TestNG.java:1333)
Caused by: java.lang.ClassNotFoundException: freemarker.template.TemplateModelException
	at java.base/jdk.internal.loader.BuiltinClassLoader.loadClass(BuiltinClassLoader.java:581)
	at java.base/jdk.internal.loader.ClassLoaders$AppClassLoader.loadClass(ClassLoaders.java:178)
	at java.base/java.lang.ClassLoader.loadClass(ClassLoader.java:521)
	... 21 more
]]>
    </failure>
  </testcase> <!-- parts -->
  <testcase classname="NetAgentSmoke.NetAgentProcess" name="FSLStorage" time="0.000">
    <failure message="freemarker/template/TemplateModelException" type="java.lang.NoClassDefFoundError">
      <![CDATA[java.lang.NoClassDefFoundError: freemarker/template/TemplateModelException
	at com.relevantcodes.extentreports.ExtentReports.<init>(ExtentReports.java:86)
	at com.relevantcodes.extentreports.ExtentReports.<init>(ExtentReports.java:375)
	at NetAgentSmoke.BaseInit.startTest(BaseInit.java:131)
	at NetAgentSmoke.BaseInit.beforeMethod(BaseInit.java:75)
	at java.base/jdk.internal.reflect.NativeMethodAccessorImpl.invoke0(Native Method)
	at java.base/jdk.internal.reflect.NativeMethodAccessorImpl.invoke(NativeMethodAccessorImpl.java:62)
	at java.base/jdk.internal.reflect.DelegatingMethodAccessorImpl.invoke(DelegatingMethodAccessorImpl.java:43)
	at java.base/java.lang.reflect.Method.invoke(Method.java:566)
	at org.testng.internal.MethodInvocationHelper.invokeMethod(MethodInvocationHelper.java:84)
	at org.testng.internal.Invoker.invokeConfigurationMethod(Invoker.java:564)
	at org.testng.internal.Invoker.invokeConfigurations(Invoker.java:213)
	at org.testng.internal.Invoker.invokeConfigurations(Invoker.java:138)
	at org.testng.SuiteRunner.privateRun(SuiteRunner.java:277)
	at org.testng.SuiteRunner.run(SuiteRunner.java:240)
	at org.testng.SuiteRunnerWorker.runSuite(SuiteRunnerWorker.java:52)
	at org.testng.SuiteRunnerWorker.run(SuiteRunnerWorker.java:86)
	at org.testng.TestNG.runSuitesSequentially(TestNG.java:1224)
	at org.testng.TestNG.runSuitesLocally(TestNG.java:1149)
	at org.testng.TestNG.run(TestNG.java:1057)
	at org.testng.TestNG.privateMain(TestNG.java:1364)
	at org.testng.TestNG.main(TestNG.java:1333)
Caused by: java.lang.ClassNotFoundException: freemarker.template.TemplateModelException
	at java.base/jdk.internal.loader.BuiltinClassLoader.loadClass(BuiltinClassLoader.java:581)
	at java.base/jdk.internal.loader.ClassLoaders$AppClassLoader.loadClass(ClassLoaders.java:178)
	at java.base/java.lang.ClassLoader.loadClass(ClassLoader.java:521)
	... 21 more
]]>
    </failure>
  </testcase> <!-- FSLStorage -->
  <testcase classname="NetAgentSmoke.NetAgentProcess" name="replenish" time="0.000">
    <failure message="freemarker/template/TemplateModelException" type="java.lang.NoClassDefFoundError">
      <![CDATA[java.lang.NoClassDefFoundError: freemarker/template/TemplateModelException
	at com.relevantcodes.extentreports.ExtentReports.<init>(ExtentReports.java:86)
	at com.relevantcodes.extentreports.ExtentReports.<init>(ExtentReports.java:375)
	at NetAgentSmoke.BaseInit.startTest(BaseInit.java:131)
	at NetAgentSmoke.BaseInit.beforeMethod(BaseInit.java:75)
	at java.base/jdk.internal.reflect.NativeMethodAccessorImpl.invoke0(Native Method)
	at java.base/jdk.internal.reflect.NativeMethodAccessorImpl.invoke(NativeMethodAccessorImpl.java:62)
	at java.base/jdk.internal.reflect.DelegatingMethodAccessorImpl.invoke(DelegatingMethodAccessorImpl.java:43)
	at java.base/java.lang.reflect.Method.invoke(Method.java:566)
	at org.testng.internal.MethodInvocationHelper.invokeMethod(MethodInvocationHelper.java:84)
	at org.testng.internal.Invoker.invokeConfigurationMethod(Invoker.java:564)
	at org.testng.internal.Invoker.invokeConfigurations(Invoker.java:213)
	at org.testng.internal.Invoker.invokeConfigurations(Invoker.java:138)
	at org.testng.SuiteRunner.privateRun(SuiteRunner.java:277)
	at org.testng.SuiteRunner.run(SuiteRunner.java:240)
	at org.testng.SuiteRunnerWorker.runSuite(SuiteRunnerWorker.java:52)
	at org.testng.SuiteRunnerWorker.run(SuiteRunnerWorker.java:86)
	at org.testng.TestNG.runSuitesSequentially(TestNG.java:1224)
	at org.testng.TestNG.runSuitesLocally(TestNG.java:1149)
	at org.testng.TestNG.run(TestNG.java:1057)
	at org.testng.TestNG.privateMain(TestNG.java:1364)
	at org.testng.TestNG.main(TestNG.java:1333)
Caused by: java.lang.ClassNotFoundException: freemarker.template.TemplateModelException
	at java.base/jdk.internal.loader.BuiltinClassLoader.loadClass(BuiltinClassLoader.java:581)
	at java.base/jdk.internal.loader.ClassLoaders$AppClassLoader.loadClass(ClassLoaders.java:178)
	at java.base/java.lang.ClassLoader.loadClass(ClassLoader.java:521)
	... 21 more
]]>
    </failure>
  </testcase> <!-- replenish -->
  <testcase classname="NetAgentSmoke.NetAgentProcess" name="OnHandReport" time="0.000">
    <failure message="freemarker/template/TemplateModelException" type="java.lang.NoClassDefFoundError">
      <![CDATA[java.lang.NoClassDefFoundError: freemarker/template/TemplateModelException
	at com.relevantcodes.extentreports.ExtentReports.<init>(ExtentReports.java:86)
	at com.relevantcodes.extentreports.ExtentReports.<init>(ExtentReports.java:375)
	at NetAgentSmoke.BaseInit.startTest(BaseInit.java:131)
	at NetAgentSmoke.BaseInit.beforeMethod(BaseInit.java:75)
	at java.base/jdk.internal.reflect.NativeMethodAccessorImpl.invoke0(Native Method)
	at java.base/jdk.internal.reflect.NativeMethodAccessorImpl.invoke(NativeMethodAccessorImpl.java:62)
	at java.base/jdk.internal.reflect.DelegatingMethodAccessorImpl.invoke(DelegatingMethodAccessorImpl.java:43)
	at java.base/java.lang.reflect.Method.invoke(Method.java:566)
	at org.testng.internal.MethodInvocationHelper.invokeMethod(MethodInvocationHelper.java:84)
	at org.testng.internal.Invoker.invokeConfigurationMethod(Invoker.java:564)
	at org.testng.internal.Invoker.invokeConfigurations(Invoker.java:213)
	at org.testng.internal.Invoker.invokeConfigurations(Invoker.java:138)
	at org.testng.SuiteRunner.privateRun(SuiteRunner.java:277)
	at org.testng.SuiteRunner.run(SuiteRunner.java:240)
	at org.testng.SuiteRunnerWorker.runSuite(SuiteRunnerWorker.java:52)
	at org.testng.SuiteRunnerWorker.run(SuiteRunnerWorker.java:86)
	at org.testng.TestNG.runSuitesSequentially(TestNG.java:1224)
	at org.testng.TestNG.runSuitesLocally(TestNG.java:1149)
	at org.testng.TestNG.run(TestNG.java:1057)
	at org.testng.TestNG.privateMain(TestNG.java:1364)
	at org.testng.TestNG.main(TestNG.java:1333)
Caused by: java.lang.ClassNotFoundException: freemarker.template.TemplateModelException
	at java.base/jdk.internal.loader.BuiltinClassLoader.loadClass(BuiltinClassLoader.java:581)
	at java.base/jdk.internal.loader.ClassLoaders$AppClassLoader.loadClass(ClassLoaders.java:178)
	at java.base/java.lang.ClassLoader.loadClass(ClassLoader.java:521)
	... 21 more
]]>
    </failure>
  </testcase> <!-- OnHandReport -->
</testsuite> <!-- NetAgentSmoke.NetAgentProcess -->
