<?xml version="1.0" encoding="UTF-8"?>
<!-- Generated by org.testng.reporters.JUnitReportReporter -->
<testsuite hostname="SIPL92" failures="0" tests="26" name="NetAgentSmoke.NetAgentProcess" time="682.280" errors="1" timestamp="2022-03-28T16:14:20 IST" skipped="0">
  <testcase classname="NetAgentSmoke.NetAgentProcess" name="AgentRisk" time="25.435"/>
  <system-out/>
  <testcase classname="NetAgentSmoke.NetAgentProcess" name="Courier" time="18.229"/>
  <system-out/>
  <testcase classname="NetAgentSmoke.NetAgentProcess" name="CycleCountBIN" time="12.424"/>
  <system-out/>
  <testcase classname="NetAgentSmoke.NetAgentProcess" name="FSLStorage" time="6.413"/>
  <system-out/>
  <testcase classname="NetAgentSmoke.NetAgentProcess" name="AgentActivityDetailReport" time="11.399"/>
  <system-out/>
  <testcase classname="NetAgentSmoke.NetAgentProcess" name="AgentActivityChartReport" time="13.672"/>
  <system-out/>
  <testcase classname="NetAgentSmoke.NetAgentProcess" name="MNXDoc" time="10.578"/>
  <system-out/>
  <testcase classname="NetAgentSmoke.NetAgentProcess" name="OnHandReport" time="20.592"/>
  <system-out/>
  <testcase classname="NetAgentSmoke.NetAgentProcess" name="Userprofile" time="5.519"/>
  <system-out/>
  <testcase classname="NetAgentSmoke.NetAgentProcess" name="AgentTSA" time="10.641"/>
  <system-out/>
  <testcase classname="NetAgentSmoke.NetAgentProcess" name="FSLSetup" time="68.972"/>
  <system-out/>
  <testcase classname="NetAgentSmoke.NetAgentProcess" name="CycleCount" time="4.207"/>
  <system-out/>
  <testcase classname="NetAgentSmoke.NetAgentProcess" name="ASNLog" time="97.786"/>
  <system-out/>
  <testcase classname="NetAgentSmoke.NetAgentProcess" name="quarantineReport" time="8.259"/>
  <system-out/>
  <testcase classname="NetAgentSmoke.NetAgentProcess" name="ContactUs" time="7.163"/>
  <system-out/>
  <testcase classname="NetAgentSmoke.NetAgentProcess" name="TransactionReport" time="29.411"/>
  <system-out/>
  <testcase classname="NetAgentSmoke.NetAgentProcess" name="MileageCalc" time="11.381"/>
  <system-out/>
  <testcase classname="NetAgentSmoke.NetAgentProcess" name="replenish" time="32.067"/>
  <system-out/>
  <testcase classname="NetAgentSmoke.NetAgentProcess" name="parts" time="99.174"/>
  <system-out/>
  <testcase classname="NetAgentSmoke.NetAgentProcess" name="ReceiptReport" time="23.705"/>
  <system-out/>
  <testcase classname="NetAgentSmoke.NetAgentProcess" name="OrderSearch" time="21.164"/>
  <system-out/>
  <testcase classname="NetAgentSmoke.NetAgentProcess" name="AgentActivityReport" time="15.778"/>
  <system-out/>
  <testcase classname="NetAgentSmoke.NetAgentProcess" name="TaskLog" time="66.279">
    <error message="no such element: Unable to locate element: {&quot;method&quot;:&quot;css selector&quot;,&quot;selector&quot;:&quot;#cmbOrderType1&quot;}
  (Session info: chrome=99.0.4844.82)
For documentation on this error, please visit: https://www.seleniumhq.org/exceptions/no_such_element.html
Build info: version: &#039;3.141.59&#039;, revision: &#039;e82be7d358&#039;, time: &#039;2018-11-14T08:25:48&#039;
System info: host: &#039;SIPL92&#039;, ip: &#039;10.212.130.31&#039;, os.name: &#039;Windows 10&#039;, os.arch: &#039;amd64&#039;, os.version: &#039;10.0&#039;, java.version: &#039;16.0.2&#039;
Driver info: org.openqa.selenium.chrome.ChromeDriver
Capabilities {acceptInsecureCerts: false, browserName: chrome, browserVersion: 99.0.4844.82, chrome: {chromedriverVersion: 99.0.4844.51 (d537ec02474b5..., userDataDir: C:\Users\RPRAJA~1\AppData\L...}, goog:chromeOptions: {debuggerAddress: localhost:59031}, javascriptEnabled: true, networkConnectionEnabled: false, pageLoadStrategy: normal, platform: WINDOWS, platformName: WINDOWS, proxy: Proxy(), setWindowRect: true, strictFileInteractability: false, timeouts: {implicit: 0, pageLoad: 300000, script: 30000}, unhandledPromptBehavior: dismiss and notify, webauthn:extension:credBlob: true, webauthn:extension:largeBlob: true, webauthn:virtualAuthenticators: true}
Session ID: 29de618030e841fff41a94c9e4f3b976
*** Element info: {Using=id, value=cmbOrderType1}" type="org.openqa.selenium.NoSuchElementException">
      <![CDATA[org.openqa.selenium.NoSuchElementException: no such element: Unable to locate element: {"method":"css selector","selector":"#cmbOrderType1"}
  (Session info: chrome=99.0.4844.82)
For documentation on this error, please visit: https://www.seleniumhq.org/exceptions/no_such_element.html
Build info: version: '3.141.59', revision: 'e82be7d358', time: '2018-11-14T08:25:48'
System info: host: 'SIPL92', ip: '10.212.130.31', os.name: 'Windows 10', os.arch: 'amd64', os.version: '10.0', java.version: '16.0.2'
Driver info: org.openqa.selenium.chrome.ChromeDriver
Capabilities {acceptInsecureCerts: false, browserName: chrome, browserVersion: 99.0.4844.82, chrome: {chromedriverVersion: 99.0.4844.51 (d537ec02474b5..., userDataDir: C:\Users\RPRAJA~1\AppData\L...}, goog:chromeOptions: {debuggerAddress: localhost:59031}, javascriptEnabled: true, networkConnectionEnabled: false, pageLoadStrategy: normal, platform: WINDOWS, platformName: WINDOWS, proxy: Proxy(), setWindowRect: true, strictFileInteractability: false, timeouts: {implicit: 0, pageLoad: 300000, script: 30000}, unhandledPromptBehavior: dismiss and notify, webauthn:extension:credBlob: true, webauthn:extension:largeBlob: true, webauthn:virtualAuthenticators: true}
Session ID: 29de618030e841fff41a94c9e4f3b976
*** Element info: {Using=id, value=cmbOrderType1}
at java.base/jdk.internal.reflect.NativeConstructorAccessorImpl.newInstance0(Native Method)
at java.base/jdk.internal.reflect.NativeConstructorAccessorImpl.newInstance(NativeConstructorAccessorImpl.java:78)
at java.base/jdk.internal.reflect.DelegatingConstructorAccessorImpl.newInstance(DelegatingConstructorAccessorImpl.java:45)
at java.base/java.lang.reflect.Constructor.newInstanceWithCaller(Constructor.java:499)
at java.base/java.lang.reflect.Constructor.newInstance(Constructor.java:480)
at org.openqa.selenium.remote.http.W3CHttpResponseCodec.createException(W3CHttpResponseCodec.java:187)
at org.openqa.selenium.remote.http.W3CHttpResponseCodec.decode(W3CHttpResponseCodec.java:122)
at org.openqa.selenium.remote.http.W3CHttpResponseCodec.decode(W3CHttpResponseCodec.java:49)
at org.openqa.selenium.remote.HttpCommandExecutor.execute(HttpCommandExecutor.java:158)
at org.openqa.selenium.remote.service.DriverCommandExecutor.execute(DriverCommandExecutor.java:83)
at org.openqa.selenium.remote.RemoteWebDriver.execute(RemoteWebDriver.java:552)
at org.openqa.selenium.remote.RemoteWebDriver.findElement(RemoteWebDriver.java:323)
at org.openqa.selenium.remote.RemoteWebDriver.findElementById(RemoteWebDriver.java:372)
at org.openqa.selenium.By$ById.findElement(By.java:188)
at org.openqa.selenium.remote.RemoteWebDriver.findElement(RemoteWebDriver.java:315)
at NetAgentSmoke.TaskLog.taskLog(TaskLog.java:93)
at NetAgentSmoke.NetAgentProcess.TaskLog(NetAgentProcess.java:3907)
at java.base/jdk.internal.reflect.NativeMethodAccessorImpl.invoke0(Native Method)
at java.base/jdk.internal.reflect.NativeMethodAccessorImpl.invoke(NativeMethodAccessorImpl.java:78)
at java.base/jdk.internal.reflect.DelegatingMethodAccessorImpl.invoke(DelegatingMethodAccessorImpl.java:43)
at java.base/java.lang.reflect.Method.invoke(Method.java:567)
at org.testng.internal.MethodInvocationHelper.invokeMethod(MethodInvocationHelper.java:133)
at org.testng.internal.TestInvoker.invokeMethod(TestInvoker.java:598)
at org.testng.internal.TestInvoker.invokeTestMethod(TestInvoker.java:173)
at org.testng.internal.MethodRunner.runInSequence(MethodRunner.java:46)
at org.testng.internal.TestInvoker$MethodInvocationAgent.invoke(TestInvoker.java:824)
at org.testng.internal.TestInvoker.invokeTestMethods(TestInvoker.java:146)
at org.testng.internal.TestMethodWorker.invokeTestMethods(TestMethodWorker.java:146)
at org.testng.internal.TestMethodWorker.run(TestMethodWorker.java:128)
at java.base/java.util.ArrayList.forEach(ArrayList.java:1511)
at org.testng.TestRunner.privateRun(TestRunner.java:794)
at org.testng.TestRunner.run(TestRunner.java:596)
at org.testng.SuiteRunner.runTest(SuiteRunner.java:377)
at org.testng.SuiteRunner.runSequentially(SuiteRunner.java:371)
at org.testng.SuiteRunner.privateRun(SuiteRunner.java:332)
at org.testng.SuiteRunner.run(SuiteRunner.java:276)
at org.testng.SuiteRunnerWorker.runSuite(SuiteRunnerWorker.java:53)
at org.testng.SuiteRunnerWorker.run(SuiteRunnerWorker.java:96)
at org.testng.TestNG.runSuitesSequentially(TestNG.java:1212)
at org.testng.TestNG.runSuitesLocally(TestNG.java:1134)
at org.testng.TestNG.runSuites(TestNG.java:1063)
at org.testng.TestNG.run(TestNG.java:1031)
at org.testng.remote.AbstractRemoteTestNG.run(AbstractRemoteTestNG.java:115)
at org.testng.remote.RemoteTestNG.initAndRun(RemoteTestNG.java:251)
at org.testng.remote.RemoteTestNG.main(RemoteTestNG.java:77)
]]>
    </error>
  </testcase> <!-- TaskLog -->
  <system-out/>
  <testcase classname="NetAgentSmoke.NetAgentProcess" name="UserPreference" time="11.690"/>
  <system-out/>
  <testcase classname="NetAgentSmoke.NetAgentProcess" name="Userlist" time="28.456"/>
  <system-out/>
  <testcase classname="NetAgentSmoke.NetAgentProcess" name="PullReport" time="21.886"/>
  <system-out/>
</testsuite> <!-- NetAgentSmoke.NetAgentProcess -->
