<?xml version="1.0" encoding="UTF-8"?>
<!-- Generated by org.testng.reporters.JUnitReportReporter -->
<testsuite hostname="SIPL92" failures="0" tests="1" name="NetAgentSmoke.NetAgentProcess" time="11.323" errors="0" timestamp="2022-02-22T10:14:52 IST" skipped="0">
  <testcase classname="NetAgentSmoke.NetAgentProcess" name="quarantineReport" time="11.323"/>
  <system-out/>
</testsuite> <!-- NetAgentSmoke.NetAgentProcess -->
