<?xml version="1.0" encoding="UTF-8"?>
<!-- Generated by org.testng.reporters.JUnitReportReporter -->
<testsuite hostname="SIPL92" failures="0" tests="1" name="NetAgentSmoke.TaskLog" time="488.704" errors="0" timestamp="2022-03-31T17:57:00 IST" skipped="0">
  <testcase classname="NetAgentSmoke.TaskLog" name="taskLog" time="488.704"/>
  <system-out/>
</testsuite> <!-- NetAgentSmoke.TaskLog -->
