<?xml version="1.0" encoding="UTF-8"?>
<!-- Generated by org.testng.reporters.JUnitReportReporter -->
<testsuite hostname="SIPL92" failures="0" tests="1" name="NetAgentSmoke.OrderProcessing" time="22.521" errors="0" timestamp="2022-03-28T10:02:49 IST" skipped="0">
  <testcase classname="NetAgentSmoke.OrderProcessing" name="orderProcess" time="22.521"/>
  <system-out/>
</testsuite> <!-- NetAgentSmoke.OrderProcessing -->
