<?xml version="1.0" encoding="UTF-8"?>
<!-- Generated by org.testng.reporters.JUnitReportReporter -->
<testsuite hostname="SIPL92" failures="0" tests="1" name="NetAgentSmoke.TaskLog" time="386.015" errors="0" timestamp="2022-03-24T11:01:44 IST" skipped="0">
  <testcase classname="NetAgentSmoke.TaskLog" name="taskLog" time="386.015"/>
  <system-out/>
</testsuite> <!-- NetAgentSmoke.TaskLog -->
