<?xml version="1.0" encoding="UTF-8"?>
<!-- Generated by org.testng.reporters.JUnitReportReporter -->
<testsuite hostname="SIPL92" failures="0" tests="1" name="NetAgentSmoke.TaskLog" time="435.449" errors="0" timestamp="2022-03-28T17:36:14 IST" skipped="0">
  <testcase classname="NetAgentSmoke.TaskLog" name="taskLog" time="435.449"/>
  <system-out/>
</testsuite> <!-- NetAgentSmoke.TaskLog -->
