<?xml version="1.0" encoding="UTF-8"?>
<!-- Generated by org.testng.reporters.JUnitReportReporter -->
<testsuite hostname="SIPL92" failures="0" tests="1" name="NetAgentSmoke.NetAgentProcess" time="78.447" errors="0" timestamp="2022-03-09T16:44:11 IST" skipped="0">
  <testcase classname="NetAgentSmoke.NetAgentProcess" name="TaskLog" time="78.447"/>
  <system-out/>
</testsuite> <!-- NetAgentSmoke.NetAgentProcess -->
