<?xml version="1.0" encoding="UTF-8"?>
<!-- Generated by org.testng.reporters.JUnitReportReporter -->
<testsuite hostname="SIPL92" failures="0" tests="18" name="NetAgentSmoke.NetAgentProcess" time="475.214" errors="0" timestamp="2022-02-22T13:06:33 IST" skipped="0">
  <testcase classname="NetAgentSmoke.NetAgentProcess" name="FSLSetup" time="95.039"/>
  <system-out/>
  <testcase classname="NetAgentSmoke.NetAgentProcess" name="parts" time="80.173"/>
  <system-out/>
  <testcase classname="NetAgentSmoke.NetAgentProcess" name="AgentActivityReport" time="12.613"/>
  <system-out/>
  <testcase classname="NetAgentSmoke.NetAgentProcess" name="CycleCount" time="4.631"/>
  <system-out/>
  <testcase classname="NetAgentSmoke.NetAgentProcess" name="Courier" time="8.029"/>
  <system-out/>
  <testcase classname="NetAgentSmoke.NetAgentProcess" name="ContactUs" time="4.576"/>
  <system-out/>
  <testcase classname="NetAgentSmoke.NetAgentProcess" name="UserPreference" time="11.334"/>
  <system-out/>
  <testcase classname="NetAgentSmoke.NetAgentProcess" name="OrderSearch" time="29.110"/>
  <system-out/>
  <testcase classname="NetAgentSmoke.NetAgentProcess" name="AgentTSA" time="11.782"/>
  <system-out/>
  <testcase classname="NetAgentSmoke.NetAgentProcess" name="FSLStorage" time="6.472"/>
  <system-out/>
  <testcase classname="NetAgentSmoke.NetAgentProcess" name="Userlist" time="27.292"/>
  <system-out/>
  <testcase classname="NetAgentSmoke.NetAgentProcess" name="MNXDoc" time="9.937"/>
  <system-out/>
  <testcase classname="NetAgentSmoke.NetAgentProcess" name="Userprofile" time="5.374"/>
  <system-out/>
  <testcase classname="NetAgentSmoke.NetAgentProcess" name="AgentRisk" time="26.449"/>
  <system-out/>
  <testcase classname="NetAgentSmoke.NetAgentProcess" name="ASNLog" time="88.978"/>
  <system-out/>
  <testcase classname="NetAgentSmoke.NetAgentProcess" name="replenish" time="27.718"/>
  <system-out/>
  <testcase classname="NetAgentSmoke.NetAgentProcess" name="MileageCalc" time="10.601"/>
  <system-out/>
  <testcase classname="NetAgentSmoke.NetAgentProcess" name="CycleCountBIN" time="15.106"/>
  <system-out/>
</testsuite> <!-- NetAgentSmoke.NetAgentProcess -->
