<?xml version="1.0" encoding="UTF-8"?>
<!-- Generated by org.testng.reporters.JUnitReportReporter -->
<testsuite hostname="SIPL92" failures="0" tests="1" name="NetAgentSmoke.OrderProcessing" time="71.082" errors="0" timestamp="2022-03-29T12:28:36 IST" skipped="0">
  <testcase classname="NetAgentSmoke.OrderProcessing" name="orderProcess" time="71.082"/>
  <system-out/>
</testsuite> <!-- NetAgentSmoke.OrderProcessing -->
