<?xml version="1.0" encoding="UTF-8"?>
<!-- Generated by org.testng.reporters.JUnitReportReporter -->
<testsuite hostname="SIPL92" failures="0" tests="4" name="NetAgentSmoke.NetAgentProcess" time="65.949" errors="0" timestamp="2022-02-17T18:06:57 IST" skipped="0">
  <testcase classname="NetAgentSmoke.NetAgentProcess" name="ContactUs" time="3.504"/>
  <system-out/>
  <testcase classname="NetAgentSmoke.NetAgentProcess" name="AgentRisk" time="25.457"/>
  <system-out/>
  <testcase classname="NetAgentSmoke.NetAgentProcess" name="Login" time="28.431"/>
  <system-out/>
  <testcase classname="NetAgentSmoke.NetAgentProcess" name="AgentTSA" time="8.557"/>
  <system-out/>
</testsuite> <!-- NetAgentSmoke.NetAgentProcess -->
