<?xml version="1.0" encoding="UTF-8"?>
<!-- Generated by org.testng.reporters.JUnitReportReporter -->
<testsuite hostname="SIPL92" failures="0" tests="27" name="NetAgentSmoke.NetAgentProcess" time="1144.841" errors="1" timestamp="2022-04-01T12:01:17 IST" skipped="0">
  <testcase classname="NetAgentSmoke.NetAgentProcess" name="UserPreference" time="12.446"/>
  <system-out/>
  <testcase classname="NetAgentSmoke.NetAgentProcess" name="MileageCalc" time="11.859"/>
  <system-out/>
  <testcase classname="NetAgentSmoke.NetAgentProcess" name="Userprofile" time="5.808"/>
  <system-out/>
  <testcase classname="NetAgentSmoke.NetAgentProcess" name="ASNLog" time="101.302"/>
  <system-out/>
  <testcase classname="NetAgentSmoke.NetAgentProcess" name="ReceiptReport" time="24.880"/>
  <system-out/>
  <testcase classname="NetAgentSmoke.NetAgentProcess" name="Courier" time="7.805"/>
  <system-out/>
  <testcase classname="NetAgentSmoke.NetAgentProcess" name="OrderSearch" time="23.781"/>
  <system-out/>
  <testcase classname="NetAgentSmoke.NetAgentProcess" name="AgentActivityDetailReport" time="11.417"/>
  <system-out/>
  <testcase classname="NetAgentSmoke.NetAgentProcess" name="FSLSetup" time="70.861"/>
  <system-out/>
  <testcase classname="NetAgentSmoke.NetAgentProcess" name="PullReport" time="22.274"/>
  <system-out/>
  <testcase classname="NetAgentSmoke.NetAgentProcess" name="TransactionReport" time="30.635"/>
  <system-out/>
  <testcase classname="NetAgentSmoke.NetAgentProcess" name="OnHandReport" time="21.547"/>
  <system-out/>
  <testcase classname="NetAgentSmoke.NetAgentProcess" name="replenish" time="32.146"/>
  <system-out/>
  <testcase classname="NetAgentSmoke.NetAgentProcess" name="CycleCount" time="4.288"/>
  <system-out/>
  <testcase classname="NetAgentSmoke.NetAgentProcess" name="Userlist" time="28.276"/>
  <system-out/>
  <testcase classname="NetAgentSmoke.NetAgentProcess" name="AgentActivityChartReport" time="10.862"/>
  <system-out/>
  <testcase classname="NetAgentSmoke.NetAgentProcess" name="MNXDoc" time="9.345"/>
  <system-out/>
  <testcase classname="NetAgentSmoke.NetAgentProcess" name="AgentTSA" time="10.347"/>
  <system-out/>
  <testcase classname="NetAgentSmoke.NetAgentProcess" name="AgentActivityReport" time="18.838"/>
  <system-out/>
  <testcase classname="NetAgentSmoke.NetAgentProcess" name="AgentRisk" time="24.953"/>
  <system-out/>
  <testcase classname="NetAgentSmoke.NetAgentProcess" name="orderProcessing" time="50.203"/>
  <system-out/>
  <testcase classname="NetAgentSmoke.NetAgentProcess" name="FSLStorage" time="6.125"/>
  <system-out/>
  <testcase classname="NetAgentSmoke.NetAgentProcess" name="CycleCountBIN" time="12.867"/>
  <system-out/>
  <testcase classname="NetAgentSmoke.NetAgentProcess" name="TaskLog" time="501.841">
    <error message="element click intercepted: Element &lt;button class=&quot;btn btn-primary bluebutton&quot; id=&quot;btnRTE...2&quot; ng-click=&quot;BindTaskLogRTE(&#039;RTE&#039;, TaskLog, &#039;Basic&#039;, false, true)&quot;&gt;Search&lt;/button&gt; is not clickable at point (485, 163). Other element would receive the click: &lt;a id=&quot;idQuarantine&quot; report=&quot;&quot; class=&quot;submenuhide&quot; ;=&quot;&quot; href=&quot;/NAQuarantine&quot;&gt;...&lt;/a&gt;
  (Session info: chrome=100.0.4896.60)
Build info: version: &#039;3.141.59&#039;, revision: &#039;e82be7d358&#039;, time: &#039;2018-11-14T08:25:48&#039;
System info: host: &#039;SIPL92&#039;, ip: &#039;10.212.130.163&#039;, os.name: &#039;Windows 10&#039;, os.arch: &#039;amd64&#039;, os.version: &#039;10.0&#039;, java.version: &#039;16.0.2&#039;
Driver info: org.openqa.selenium.chrome.ChromeDriver
Capabilities {acceptInsecureCerts: false, browserName: chrome, browserVersion: 100.0.4896.60, chrome: {chromedriverVersion: 100.0.4896.60 (6a5d10861ce8..., userDataDir: C:\Users\RPRAJA~1\AppData\L...}, goog:chromeOptions: {debuggerAddress: localhost:51989}, javascriptEnabled: true, networkConnectionEnabled: false, pageLoadStrategy: normal, platform: WINDOWS, platformName: WINDOWS, proxy: Proxy(), setWindowRect: true, strictFileInteractability: false, timeouts: {implicit: 0, pageLoad: 300000, script: 30000}, unhandledPromptBehavior: dismiss and notify, webauthn:extension:credBlob: true, webauthn:extension:largeBlob: true, webauthn:virtualAuthenticators: true}
Session ID: 302144b21379e73e4a226bb37323e3d3" type="org.openqa.selenium.ElementClickInterceptedException">
      <![CDATA[org.openqa.selenium.ElementClickInterceptedException: element click intercepted: Element <button class="btn btn-primary bluebutton" id="btnRTE...2" ng-click="BindTaskLogRTE('RTE', TaskLog, 'Basic', false, true)">Search</button> is not clickable at point (485, 163). Other element would receive the click: <a id="idQuarantine" report="" class="submenuhide" ;="" href="/NAQuarantine">...</a>
  (Session info: chrome=100.0.4896.60)
Build info: version: '3.141.59', revision: 'e82be7d358', time: '2018-11-14T08:25:48'
System info: host: 'SIPL92', ip: '10.212.130.163', os.name: 'Windows 10', os.arch: 'amd64', os.version: '10.0', java.version: '16.0.2'
Driver info: org.openqa.selenium.chrome.ChromeDriver
Capabilities {acceptInsecureCerts: false, browserName: chrome, browserVersion: 100.0.4896.60, chrome: {chromedriverVersion: 100.0.4896.60 (6a5d10861ce8..., userDataDir: C:\Users\RPRAJA~1\AppData\L...}, goog:chromeOptions: {debuggerAddress: localhost:51989}, javascriptEnabled: true, networkConnectionEnabled: false, pageLoadStrategy: normal, platform: WINDOWS, platformName: WINDOWS, proxy: Proxy(), setWindowRect: true, strictFileInteractability: false, timeouts: {implicit: 0, pageLoad: 300000, script: 30000}, unhandledPromptBehavior: dismiss and notify, webauthn:extension:credBlob: true, webauthn:extension:largeBlob: true, webauthn:virtualAuthenticators: true}
Session ID: 302144b21379e73e4a226bb37323e3d3
at java.base/jdk.internal.reflect.NativeConstructorAccessorImpl.newInstance0(Native Method)
at java.base/jdk.internal.reflect.NativeConstructorAccessorImpl.newInstance(NativeConstructorAccessorImpl.java:78)
at java.base/jdk.internal.reflect.DelegatingConstructorAccessorImpl.newInstance(DelegatingConstructorAccessorImpl.java:45)
at java.base/java.lang.reflect.Constructor.newInstanceWithCaller(Constructor.java:499)
at java.base/java.lang.reflect.Constructor.newInstance(Constructor.java:480)
at org.openqa.selenium.remote.http.W3CHttpResponseCodec.createException(W3CHttpResponseCodec.java:187)
at org.openqa.selenium.remote.http.W3CHttpResponseCodec.decode(W3CHttpResponseCodec.java:122)
at org.openqa.selenium.remote.http.W3CHttpResponseCodec.decode(W3CHttpResponseCodec.java:49)
at org.openqa.selenium.remote.HttpCommandExecutor.execute(HttpCommandExecutor.java:158)
at org.openqa.selenium.remote.service.DriverCommandExecutor.execute(DriverCommandExecutor.java:83)
at org.openqa.selenium.remote.RemoteWebDriver.execute(RemoteWebDriver.java:552)
at org.openqa.selenium.remote.RemoteWebElement.execute(RemoteWebElement.java:285)
at org.openqa.selenium.remote.RemoteWebElement.click(RemoteWebElement.java:84)
at NetAgentSmoke.TaskLog.taskLog(TaskLog.java:767)
at NetAgentSmoke.NetAgentProcess.TaskLog(NetAgentProcess.java:3907)
at java.base/jdk.internal.reflect.NativeMethodAccessorImpl.invoke0(Native Method)
at java.base/jdk.internal.reflect.NativeMethodAccessorImpl.invoke(NativeMethodAccessorImpl.java:78)
at java.base/jdk.internal.reflect.DelegatingMethodAccessorImpl.invoke(DelegatingMethodAccessorImpl.java:43)
at java.base/java.lang.reflect.Method.invoke(Method.java:567)
at org.testng.internal.MethodInvocationHelper.invokeMethod(MethodInvocationHelper.java:133)
at org.testng.internal.TestInvoker.invokeMethod(TestInvoker.java:598)
at org.testng.internal.TestInvoker.invokeTestMethod(TestInvoker.java:173)
at org.testng.internal.MethodRunner.runInSequence(MethodRunner.java:46)
at org.testng.internal.TestInvoker$MethodInvocationAgent.invoke(TestInvoker.java:824)
at org.testng.internal.TestInvoker.invokeTestMethods(TestInvoker.java:146)
at org.testng.internal.TestMethodWorker.invokeTestMethods(TestMethodWorker.java:146)
at org.testng.internal.TestMethodWorker.run(TestMethodWorker.java:128)
at java.base/java.util.ArrayList.forEach(ArrayList.java:1511)
at org.testng.TestRunner.privateRun(TestRunner.java:794)
at org.testng.TestRunner.run(TestRunner.java:596)
at org.testng.SuiteRunner.runTest(SuiteRunner.java:377)
at org.testng.SuiteRunner.runSequentially(SuiteRunner.java:371)
at org.testng.SuiteRunner.privateRun(SuiteRunner.java:332)
at org.testng.SuiteRunner.run(SuiteRunner.java:276)
at org.testng.SuiteRunnerWorker.runSuite(SuiteRunnerWorker.java:53)
at org.testng.SuiteRunnerWorker.run(SuiteRunnerWorker.java:96)
at org.testng.TestNG.runSuitesSequentially(TestNG.java:1212)
at org.testng.TestNG.runSuitesLocally(TestNG.java:1134)
at org.testng.TestNG.runSuites(TestNG.java:1063)
at org.testng.TestNG.run(TestNG.java:1031)
at org.testng.remote.AbstractRemoteTestNG.run(AbstractRemoteTestNG.java:115)
at org.testng.remote.RemoteTestNG.initAndRun(RemoteTestNG.java:251)
at org.testng.remote.RemoteTestNG.main(RemoteTestNG.java:77)
]]>
    </error>
  </testcase> <!-- TaskLog -->
  <system-out/>
  <testcase classname="NetAgentSmoke.NetAgentProcess" name="quarantineReport" time="7.686"/>
  <system-out/>
  <testcase classname="NetAgentSmoke.NetAgentProcess" name="parts" time="78.458"/>
  <system-out/>
  <testcase classname="NetAgentSmoke.NetAgentProcess" name="ContactUs" time="3.991"/>
  <system-out/>
</testsuite> <!-- NetAgentSmoke.NetAgentProcess -->
