<?xml version="1.0" encoding="UTF-8"?>
<!-- Generated by org.testng.reporters.JUnitReportReporter -->
<testsuite hostname="SIPL92" failures="0" tests="3" name="NetAgentSmoke.NetAgentProcess" time="153.030" errors="0" timestamp="2022-03-17T17:42:47 IST" skipped="0">
  <testcase classname="NetAgentSmoke.NetAgentProcess" name="ASNLog" time="103.659"/>
  <system-out/>
  <testcase classname="NetAgentSmoke.NetAgentProcess" name="OrderSearch" time="19.781"/>
  <system-out/>
  <testcase classname="NetAgentSmoke.NetAgentProcess" name="PullReport" time="29.590"/>
  <system-out/>
</testsuite> <!-- NetAgentSmoke.NetAgentProcess -->
