<?xml version="1.0" encoding="UTF-8"?>
<!-- Generated by org.testng.reporters.JUnitReportReporter -->
<testsuite hostname="SIPL92" failures="0" tests="2" name="NetAgentSmoke.NetAgentProcess" time="31.547" errors="0" timestamp="2022-02-16T10:12:41 IST" skipped="0">
  <testcase classname="NetAgentSmoke.NetAgentProcess" name="Login" time="20.920"/>
  <system-out/>
  <testcase classname="NetAgentSmoke.NetAgentProcess" name="UserPreference" time="10.627"/>
  <system-out/>
</testsuite> <!-- NetAgentSmoke.NetAgentProcess -->
