<?xml version="1.0" encoding="UTF-8"?>
<!-- Generated by org.testng.reporters.JUnitReportReporter -->
<testsuite hostname="SIPL92" failures="0" tests="7" name="NetAgentSmoke.NetAgentProcess" time="109.518" errors="0" timestamp="2022-02-16T17:47:07 IST" skipped="0">
  <testcase classname="NetAgentSmoke.NetAgentProcess" name="SendEmail" time="0.863"/>
  <system-out/>
  <testcase classname="NetAgentSmoke.NetAgentProcess" name="UserPreference" time="10.084"/>
  <system-out/>
  <testcase classname="NetAgentSmoke.NetAgentProcess" name="Courier" time="6.016"/>
  <system-out/>
  <testcase classname="NetAgentSmoke.NetAgentProcess" name="OrderSearch" time="30.959"/>
  <system-out/>
  <testcase classname="NetAgentSmoke.NetAgentProcess" name="Userprofile" time="3.920"/>
  <system-out/>
  <testcase classname="NetAgentSmoke.NetAgentProcess" name="Login" time="36.510"/>
  <system-out/>
  <testcase classname="NetAgentSmoke.NetAgentProcess" name="Userlist" time="21.166"/>
  <system-out/>
</testsuite> <!-- NetAgentSmoke.NetAgentProcess -->
