<?xml version="1.0" encoding="UTF-8"?>
<!-- Generated by org.testng.reporters.JUnitReportReporter -->
<testsuite hostname="SIPL92" failures="0" tests="2" name="NetAgentSmoke.NetAgentProcess" time="67.636" errors="0" timestamp="2022-02-16T13:45:07 IST" skipped="0">
  <testcase classname="NetAgentSmoke.NetAgentProcess" name="FSLSetup" time="42.541"/>
  <system-out/>
  <testcase classname="NetAgentSmoke.NetAgentProcess" name="Login" time="25.095"/>
  <system-out/>
</testsuite> <!-- NetAgentSmoke.NetAgentProcess -->
